{"B:\\Works\\Interview\\Shell Infotech\\backend\\dist\\config\\constants.js": {"path":"B:\\Works\\Interview\\Shell Infotech\\backend\\dist\\config\\constants.js","statementMap":{"0":{"start":{"line":2,"column":22},"end":{"line":4,"column":1}},"1":{"start":{"line":3,"column":4},"end":{"line":3,"column":62}},"2":{"start":{"line":5,"column":0},"end":{"line":5,"column":62}},"3":{"start":{"line":6,"column":0},"end":{"line":6,"column":69}},"4":{"start":{"line":7,"column":17},"end":{"line":7,"column":51}},"5":{"start":{"line":8,"column":0},"end":{"line":8,"column":26}},"6":{"start":{"line":9,"column":0},"end":{"line":9,"column":32}},"7":{"start":{"line":10,"column":0},"end":{"line":10,"column":48}},"8":{"start":{"line":11,"column":0},"end":{"line":11,"column":50}}},"fnMap":{"0":{"name":"(anonymous_0)","decl":{"start":{"line":2,"column":56},"end":{"line":2,"column":57}},"loc":{"start":{"line":2,"column":71},"end":{"line":4,"column":1}},"line":2}},"branchMap":{"0":{"loc":{"start":{"line":2,"column":22},"end":{"line":4,"column":1}},"type":"binary-expr","locations":[{"start":{"line":2,"column":23},"end":{"line":2,"column":27}},{"start":{"line":2,"column":31},"end":{"line":2,"column":51}},{"start":{"line":2,"column":56},"end":{"line":4,"column":1}}],"line":2},"1":{"loc":{"start":{"line":3,"column":11},"end":{"line":3,"column":61}},"type":"cond-expr","locations":[{"start":{"line":3,"column":37},"end":{"line":3,"column":40}},{"start":{"line":3,"column":43},"end":{"line":3,"column":61}}],"line":3},"2":{"loc":{"start":{"line":3,"column":12},"end":{"line":3,"column":33}},"type":"binary-expr","locations":[{"start":{"line":3,"column":12},"end":{"line":3,"column":15}},{"start":{"line":3,"column":19},"end":{"line":3,"column":33}}],"line":3}},"s":{"0":20,"1":20,"2":20,"3":20,"4":20,"5":20,"6":20,"7":20,"8":20},"f":{"0":20},"b":{"0":[20,0,20],"1":[0,20],"2":[20,20]},"_coverageSchema":"1a1c01bbd47fc00a2c39e90264f33305004495a9","hash":"fa283f6d9a77bfdf21c50d75fbbaed0d0a43d7ec"}
,"B:\\Works\\Interview\\Shell Infotech\\backend\\dist\\controllers\\userController.js": {"path":"B:\\Works\\Interview\\Shell Infotech\\backend\\dist\\controllers\\userController.js","statementMap":{"0":{"start":{"line":2,"column":16},"end":{"line":10,"column":1}},"1":{"start":{"line":3,"column":28},"end":{"line":3,"column":110}},"2":{"start":{"line":3,"column":91},"end":{"line":3,"column":106}},"3":{"start":{"line":4,"column":4},"end":{"line":9,"column":7}},"4":{"start":{"line":5,"column":36},"end":{"line":5,"column":97}},"5":{"start":{"line":5,"column":42},"end":{"line":5,"column":70}},"6":{"start":{"line":5,"column":85},"end":{"line":5,"column":95}},"7":{"start":{"line":6,"column":35},"end":{"line":6,"column":100}},"8":{"start":{"line":6,"column":41},"end":{"line":6,"column":73}},"9":{"start":{"line":6,"column":88},"end":{"line":6,"column":98}},"10":{"start":{"line":7,"column":32},"end":{"line":7,"column":116}},"11":{"start":{"line":8,"column":8},"end":{"line":8,"column":78}},"12":{"start":{"line":11,"column":0},"end":{"line":11,"column":62}},"13":{"start":{"line":12,"column":0},"end":{"line":12,"column":196}},"14":{"start":{"line":13,"column":22},"end":{"line":13,"column":56}},"15":{"start":{"line":15,"column":4},"end":{"line":37,"column":7}},"16":{"start":{"line":16,"column":46},"end":{"line":16,"column":54}},"17":{"start":{"line":17,"column":8},"end":{"line":36,"column":9}},"18":{"start":{"line":18,"column":25},"end":{"line":18,"column":94}},"19":{"start":{"line":19,"column":12},"end":{"line":30,"column":13}},"20":{"start":{"line":20,"column":16},"end":{"line":23,"column":19}},"21":{"start":{"line":26,"column":16},"end":{"line":29,"column":19}},"22":{"start":{"line":33,"column":12},"end":{"line":35,"column":15}},"23":{"start":{"line":39,"column":0},"end":{"line":39,"column":52}},"24":{"start":{"line":41,"column":4},"end":{"line":54,"column":7}},"25":{"start":{"line":42,"column":8},"end":{"line":53,"column":9}},"26":{"start":{"line":43,"column":26},"end":{"line":43,"column":70}},"27":{"start":{"line":44,"column":12},"end":{"line":47,"column":15}},"28":{"start":{"line":50,"column":12},"end":{"line":52,"column":15}},"29":{"start":{"line":56,"column":0},"end":{"line":56,"column":52}},"30":{"start":{"line":58,"column":4},"end":{"line":81,"column":7}},"31":{"start":{"line":59,"column":23},"end":{"line":59,"column":36}},"32":{"start":{"line":60,"column":8},"end":{"line":80,"column":9}},"33":{"start":{"line":61,"column":25},"end":{"line":61,"column":82}},"34":{"start":{"line":62,"column":12},"end":{"line":62,"column":37}},"35":{"start":{"line":63,"column":12},"end":{"line":73,"column":13}},"36":{"start":{"line":64,"column":16},"end":{"line":67,"column":19}},"37":{"start":{"line":70,"column":16},"end":{"line":72,"column":19}},"38":{"start":{"line":77,"column":12},"end":{"line":79,"column":15}},"39":{"start":{"line":83,"column":0},"end":{"line":83,"column":54}},"40":{"start":{"line":85,"column":4},"end":{"line":106,"column":7}},"41":{"start":{"line":86,"column":46},"end":{"line":86,"column":54}},"42":{"start":{"line":87,"column":23},"end":{"line":87,"column":46}},"43":{"start":{"line":88,"column":8},"end":{"line":105,"column":9}},"44":{"start":{"line":89,"column":25},"end":{"line":89,"column":102}},"45":{"start":{"line":90,"column":12},"end":{"line":99,"column":13}},"46":{"start":{"line":91,"column":16},"end":{"line":93,"column":19}},"47":{"start":{"line":96,"column":16},"end":{"line":98,"column":19}},"48":{"start":{"line":102,"column":12},"end":{"line":104,"column":15}},"49":{"start":{"line":108,"column":0},"end":{"line":108,"column":52}},"50":{"start":{"line":110,"column":4},"end":{"line":130,"column":7}},"51":{"start":{"line":111,"column":23},"end":{"line":111,"column":46}},"52":{"start":{"line":112,"column":8},"end":{"line":129,"column":9}},"53":{"start":{"line":113,"column":25},"end":{"line":113,"column":75}},"54":{"start":{"line":114,"column":12},"end":{"line":123,"column":13}},"55":{"start":{"line":115,"column":16},"end":{"line":117,"column":19}},"56":{"start":{"line":120,"column":16},"end":{"line":122,"column":19}},"57":{"start":{"line":126,"column":12},"end":{"line":128,"column":15}},"58":{"start":{"line":132,"column":0},"end":{"line":132,"column":52}},"59":{"start":{"line":134,"column":4},"end":{"line":154,"column":7}},"60":{"start":{"line":135,"column":23},"end":{"line":135,"column":46}},"61":{"start":{"line":136,"column":8},"end":{"line":153,"column":9}},"62":{"start":{"line":137,"column":25},"end":{"line":137,"column":77}},"63":{"start":{"line":138,"column":12},"end":{"line":147,"column":13}},"64":{"start":{"line":139,"column":16},"end":{"line":141,"column":19}},"65":{"start":{"line":144,"column":16},"end":{"line":146,"column":19}},"66":{"start":{"line":150,"column":12},"end":{"line":152,"column":15}},"67":{"start":{"line":156,"column":0},"end":{"line":156,"column":56}}},"fnMap":{"0":{"name":"(anonymous_0)","decl":{"start":{"line":2,"column":44},"end":{"line":2,"column":45}},"loc":{"start":{"line":2,"column":89},"end":{"line":10,"column":1}},"line":2},"1":{"name":"adopt","decl":{"start":{"line":3,"column":13},"end":{"line":3,"column":18}},"loc":{"start":{"line":3,"column":26},"end":{"line":3,"column":112}},"line":3},"2":{"name":"(anonymous_2)","decl":{"start":{"line":3,"column":70},"end":{"line":3,"column":71}},"loc":{"start":{"line":3,"column":89},"end":{"line":3,"column":108}},"line":3},"3":{"name":"(anonymous_3)","decl":{"start":{"line":4,"column":36},"end":{"line":4,"column":37}},"loc":{"start":{"line":4,"column":63},"end":{"line":9,"column":5}},"line":4},"4":{"name":"fulfilled","decl":{"start":{"line":5,"column":17},"end":{"line":5,"column":26}},"loc":{"start":{"line":5,"column":34},"end":{"line":5,"column":99}},"line":5},"5":{"name":"rejected","decl":{"start":{"line":6,"column":17},"end":{"line":6,"column":25}},"loc":{"start":{"line":6,"column":33},"end":{"line":6,"column":102}},"line":6},"6":{"name":"step","decl":{"start":{"line":7,"column":17},"end":{"line":7,"column":21}},"loc":{"start":{"line":7,"column":30},"end":{"line":7,"column":118}},"line":7},"7":{"name":"createUserController","decl":{"start":{"line":14,"column":9},"end":{"line":14,"column":29}},"loc":{"start":{"line":14,"column":40},"end":{"line":38,"column":1}},"line":14},"8":{"name":"(anonymous_8)","decl":{"start":{"line":15,"column":43},"end":{"line":15,"column":44}},"loc":{"start":{"line":15,"column":56},"end":{"line":37,"column":5}},"line":15},"9":{"name":"getAllUserController","decl":{"start":{"line":40,"column":9},"end":{"line":40,"column":29}},"loc":{"start":{"line":40,"column":40},"end":{"line":55,"column":1}},"line":40},"10":{"name":"(anonymous_10)","decl":{"start":{"line":41,"column":43},"end":{"line":41,"column":44}},"loc":{"start":{"line":41,"column":56},"end":{"line":54,"column":5}},"line":41},"11":{"name":"getUserByIdController","decl":{"start":{"line":57,"column":9},"end":{"line":57,"column":30}},"loc":{"start":{"line":57,"column":41},"end":{"line":82,"column":1}},"line":57},"12":{"name":"(anonymous_12)","decl":{"start":{"line":58,"column":43},"end":{"line":58,"column":44}},"loc":{"start":{"line":58,"column":56},"end":{"line":81,"column":5}},"line":58},"13":{"name":"updateUserController","decl":{"start":{"line":84,"column":9},"end":{"line":84,"column":29}},"loc":{"start":{"line":84,"column":40},"end":{"line":107,"column":1}},"line":84},"14":{"name":"(anonymous_14)","decl":{"start":{"line":85,"column":43},"end":{"line":85,"column":44}},"loc":{"start":{"line":85,"column":56},"end":{"line":106,"column":5}},"line":85},"15":{"name":"deleteUserController","decl":{"start":{"line":109,"column":9},"end":{"line":109,"column":29}},"loc":{"start":{"line":109,"column":40},"end":{"line":131,"column":1}},"line":109},"16":{"name":"(anonymous_16)","decl":{"start":{"line":110,"column":43},"end":{"line":110,"column":44}},"loc":{"start":{"line":110,"column":56},"end":{"line":130,"column":5}},"line":110},"17":{"name":"undeleteUserController","decl":{"start":{"line":133,"column":9},"end":{"line":133,"column":31}},"loc":{"start":{"line":133,"column":42},"end":{"line":155,"column":1}},"line":133},"18":{"name":"(anonymous_18)","decl":{"start":{"line":134,"column":43},"end":{"line":134,"column":44}},"loc":{"start":{"line":134,"column":56},"end":{"line":154,"column":5}},"line":134}},"branchMap":{"0":{"loc":{"start":{"line":2,"column":16},"end":{"line":10,"column":1}},"type":"binary-expr","locations":[{"start":{"line":2,"column":17},"end":{"line":2,"column":21}},{"start":{"line":2,"column":25},"end":{"line":2,"column":39}},{"start":{"line":2,"column":44},"end":{"line":10,"column":1}}],"line":2},"1":{"loc":{"start":{"line":3,"column":35},"end":{"line":3,"column":109}},"type":"cond-expr","locations":[{"start":{"line":3,"column":56},"end":{"line":3,"column":61}},{"start":{"line":3,"column":64},"end":{"line":3,"column":109}}],"line":3},"2":{"loc":{"start":{"line":4,"column":16},"end":{"line":4,"column":34}},"type":"binary-expr","locations":[{"start":{"line":4,"column":16},"end":{"line":4,"column":17}},{"start":{"line":4,"column":22},"end":{"line":4,"column":33}}],"line":4},"3":{"loc":{"start":{"line":7,"column":32},"end":{"line":7,"column":115}},"type":"cond-expr","locations":[{"start":{"line":7,"column":46},"end":{"line":7,"column":67}},{"start":{"line":7,"column":70},"end":{"line":7,"column":115}}],"line":7},"4":{"loc":{"start":{"line":8,"column":51},"end":{"line":8,"column":67}},"type":"binary-expr","locations":[{"start":{"line":8,"column":51},"end":{"line":8,"column":61}},{"start":{"line":8,"column":65},"end":{"line":8,"column":67}}],"line":8},"5":{"loc":{"start":{"line":19,"column":12},"end":{"line":30,"column":13}},"type":"if","locations":[{"start":{"line":19,"column":12},"end":{"line":30,"column":13}},{"start":{"line":25,"column":17},"end":{"line":30,"column":13}}],"line":19},"6":{"loc":{"start":{"line":63,"column":12},"end":{"line":73,"column":13}},"type":"if","locations":[{"start":{"line":63,"column":12},"end":{"line":73,"column":13}},{"start":{"line":69,"column":17},"end":{"line":73,"column":13}}],"line":63},"7":{"loc":{"start":{"line":90,"column":12},"end":{"line":99,"column":13}},"type":"if","locations":[{"start":{"line":90,"column":12},"end":{"line":99,"column":13}},{"start":{"line":95,"column":17},"end":{"line":99,"column":13}}],"line":90},"8":{"loc":{"start":{"line":114,"column":12},"end":{"line":123,"column":13}},"type":"if","locations":[{"start":{"line":114,"column":12},"end":{"line":123,"column":13}},{"start":{"line":119,"column":17},"end":{"line":123,"column":13}}],"line":114},"9":{"loc":{"start":{"line":138,"column":12},"end":{"line":147,"column":13}},"type":"if","locations":[{"start":{"line":138,"column":12},"end":{"line":147,"column":13}},{"start":{"line":143,"column":17},"end":{"line":147,"column":13}}],"line":138}},"s":{"0":6,"1":17,"2":0,"3":17,"4":11,"5":11,"6":0,"7":6,"8":6,"9":0,"10":34,"11":17,"12":6,"13":6,"14":6,"15":3,"16":3,"17":3,"18":3,"19":2,"20":1,"21":1,"22":1,"23":6,"24":2,"25":2,"26":2,"27":1,"28":1,"29":6,"30":3,"31":3,"32":3,"33":3,"34":2,"35":2,"36":1,"37":1,"38":1,"39":6,"40":3,"41":3,"42":3,"43":3,"44":3,"45":2,"46":1,"47":1,"48":1,"49":6,"50":3,"51":3,"52":3,"53":3,"54":2,"55":1,"56":1,"57":1,"58":6,"59":3,"60":3,"61":3,"62":3,"63":2,"64":1,"65":1,"66":1,"67":6},"f":{"0":17,"1":17,"2":0,"3":17,"4":11,"5":6,"6":34,"7":3,"8":3,"9":2,"10":2,"11":3,"12":3,"13":3,"14":3,"15":3,"16":3,"17":3,"18":3},"b":{"0":[6,0,6],"1":[17,0],"2":[17,17],"3":[17,17],"4":[17,17],"5":[1,1],"6":[1,1],"7":[1,1],"8":[1,1],"9":[1,1]},"_coverageSchema":"1a1c01bbd47fc00a2c39e90264f33305004495a9","hash":"6f11d45c41866a80830f28a9df8c5226c4018a58"}
,"B:\\Works\\Interview\\Shell Infotech\\backend\\dist\\dataAccessObject\\userDao.js": {"path":"B:\\Works\\Interview\\Shell Infotech\\backend\\dist\\dataAccessObject\\userDao.js","statementMap":{"0":{"start":{"line":2,"column":16},"end":{"line":10,"column":1}},"1":{"start":{"line":3,"column":28},"end":{"line":3,"column":110}},"2":{"start":{"line":3,"column":91},"end":{"line":3,"column":106}},"3":{"start":{"line":4,"column":4},"end":{"line":9,"column":7}},"4":{"start":{"line":5,"column":36},"end":{"line":5,"column":97}},"5":{"start":{"line":5,"column":42},"end":{"line":5,"column":70}},"6":{"start":{"line":5,"column":85},"end":{"line":5,"column":95}},"7":{"start":{"line":6,"column":35},"end":{"line":6,"column":100}},"8":{"start":{"line":6,"column":41},"end":{"line":6,"column":73}},"9":{"start":{"line":6,"column":88},"end":{"line":6,"column":98}},"10":{"start":{"line":7,"column":32},"end":{"line":7,"column":116}},"11":{"start":{"line":8,"column":8},"end":{"line":8,"column":78}},"12":{"start":{"line":11,"column":22},"end":{"line":13,"column":1}},"13":{"start":{"line":12,"column":4},"end":{"line":12,"column":62}},"14":{"start":{"line":14,"column":0},"end":{"line":14,"column":62}},"15":{"start":{"line":15,"column":0},"end":{"line":15,"column":150}},"16":{"start":{"line":16,"column":20},"end":{"line":16,"column":67}},"17":{"start":{"line":18,"column":4},"end":{"line":34,"column":7}},"18":{"start":{"line":19,"column":28},"end":{"line":19,"column":38}},"19":{"start":{"line":20,"column":8},"end":{"line":33,"column":9}},"20":{"start":{"line":21,"column":25},"end":{"line":28,"column":14}},"21":{"start":{"line":29,"column":12},"end":{"line":29,"column":24}},"22":{"start":{"line":32,"column":12},"end":{"line":32,"column":77}},"23":{"start":{"line":36,"column":0},"end":{"line":36,"column":38}},"24":{"start":{"line":38,"column":4},"end":{"line":50,"column":7}},"25":{"start":{"line":39,"column":8},"end":{"line":49,"column":9}},"26":{"start":{"line":40,"column":26},"end":{"line":44,"column":14}},"27":{"start":{"line":45,"column":12},"end":{"line":45,"column":25}},"28":{"start":{"line":48,"column":12},"end":{"line":48,"column":77}},"29":{"start":{"line":52,"column":0},"end":{"line":52,"column":38}},"30":{"start":{"line":54,"column":4},"end":{"line":67,"column":7}},"31":{"start":{"line":55,"column":8},"end":{"line":66,"column":9}},"32":{"start":{"line":56,"column":25},"end":{"line":61,"column":14}},"33":{"start":{"line":62,"column":12},"end":{"line":62,"column":24}},"34":{"start":{"line":65,"column":12},"end":{"line":65,"column":77}},"35":{"start":{"line":69,"column":0},"end":{"line":69,"column":32}},"36":{"start":{"line":71,"column":4},"end":{"line":97,"column":7}},"37":{"start":{"line":72,"column":28},"end":{"line":72,"column":38}},"38":{"start":{"line":73,"column":8},"end":{"line":96,"column":9}},"39":{"start":{"line":74,"column":27},"end":{"line":85,"column":14}},"40":{"start":{"line":86,"column":12},"end":{"line":92,"column":13}},"41":{"start":{"line":87,"column":29},"end":{"line":87,"column":41}},"42":{"start":{"line":88,"column":16},"end":{"line":88,"column":28}},"43":{"start":{"line":91,"column":16},"end":{"line":91,"column":51}},"44":{"start":{"line":95,"column":12},"end":{"line":95,"column":77}},"45":{"start":{"line":99,"column":0},"end":{"line":99,"column":38}},"46":{"start":{"line":101,"column":4},"end":{"line":123,"column":7}},"47":{"start":{"line":102,"column":28},"end":{"line":102,"column":38}},"48":{"start":{"line":103,"column":8},"end":{"line":122,"column":9}},"49":{"start":{"line":104,"column":35},"end":{"line":112,"column":14}},"50":{"start":{"line":113,"column":12},"end":{"line":118,"column":13}},"51":{"start":{"line":114,"column":16},"end":{"line":114,"column":65}},"52":{"start":{"line":117,"column":16},"end":{"line":117,"column":51}},"53":{"start":{"line":121,"column":12},"end":{"line":121,"column":77}},"54":{"start":{"line":125,"column":0},"end":{"line":125,"column":38}},"55":{"start":{"line":127,"column":4},"end":{"line":149,"column":7}},"56":{"start":{"line":128,"column":28},"end":{"line":128,"column":38}},"57":{"start":{"line":129,"column":8},"end":{"line":148,"column":9}},"58":{"start":{"line":130,"column":35},"end":{"line":138,"column":14}},"59":{"start":{"line":139,"column":12},"end":{"line":144,"column":13}},"60":{"start":{"line":140,"column":16},"end":{"line":140,"column":65}},"61":{"start":{"line":143,"column":16},"end":{"line":143,"column":53}},"62":{"start":{"line":147,"column":12},"end":{"line":147,"column":77}},"63":{"start":{"line":151,"column":0},"end":{"line":151,"column":42}}},"fnMap":{"0":{"name":"(anonymous_0)","decl":{"start":{"line":2,"column":44},"end":{"line":2,"column":45}},"loc":{"start":{"line":2,"column":89},"end":{"line":10,"column":1}},"line":2},"1":{"name":"adopt","decl":{"start":{"line":3,"column":13},"end":{"line":3,"column":18}},"loc":{"start":{"line":3,"column":26},"end":{"line":3,"column":112}},"line":3},"2":{"name":"(anonymous_2)","decl":{"start":{"line":3,"column":70},"end":{"line":3,"column":71}},"loc":{"start":{"line":3,"column":89},"end":{"line":3,"column":108}},"line":3},"3":{"name":"(anonymous_3)","decl":{"start":{"line":4,"column":36},"end":{"line":4,"column":37}},"loc":{"start":{"line":4,"column":63},"end":{"line":9,"column":5}},"line":4},"4":{"name":"fulfilled","decl":{"start":{"line":5,"column":17},"end":{"line":5,"column":26}},"loc":{"start":{"line":5,"column":34},"end":{"line":5,"column":99}},"line":5},"5":{"name":"rejected","decl":{"start":{"line":6,"column":17},"end":{"line":6,"column":25}},"loc":{"start":{"line":6,"column":33},"end":{"line":6,"column":102}},"line":6},"6":{"name":"step","decl":{"start":{"line":7,"column":17},"end":{"line":7,"column":21}},"loc":{"start":{"line":7,"column":30},"end":{"line":7,"column":118}},"line":7},"7":{"name":"(anonymous_7)","decl":{"start":{"line":11,"column":56},"end":{"line":11,"column":57}},"loc":{"start":{"line":11,"column":71},"end":{"line":13,"column":1}},"line":11},"8":{"name":"createUserDao","decl":{"start":{"line":17,"column":9},"end":{"line":17,"column":22}},"loc":{"start":{"line":17,"column":50},"end":{"line":35,"column":1}},"line":17},"9":{"name":"(anonymous_9)","decl":{"start":{"line":18,"column":43},"end":{"line":18,"column":44}},"loc":{"start":{"line":18,"column":56},"end":{"line":34,"column":5}},"line":18},"10":{"name":"getAllUserDao","decl":{"start":{"line":37,"column":9},"end":{"line":37,"column":22}},"loc":{"start":{"line":37,"column":25},"end":{"line":51,"column":1}},"line":37},"11":{"name":"(anonymous_11)","decl":{"start":{"line":38,"column":43},"end":{"line":38,"column":44}},"loc":{"start":{"line":38,"column":56},"end":{"line":50,"column":5}},"line":38},"12":{"name":"getUserDao","decl":{"start":{"line":53,"column":9},"end":{"line":53,"column":19}},"loc":{"start":{"line":53,"column":28},"end":{"line":68,"column":1}},"line":53},"13":{"name":"(anonymous_13)","decl":{"start":{"line":54,"column":43},"end":{"line":54,"column":44}},"loc":{"start":{"line":54,"column":56},"end":{"line":67,"column":5}},"line":54},"14":{"name":"updateUserDao","decl":{"start":{"line":70,"column":9},"end":{"line":70,"column":22}},"loc":{"start":{"line":70,"column":58},"end":{"line":98,"column":1}},"line":70},"15":{"name":"(anonymous_15)","decl":{"start":{"line":71,"column":43},"end":{"line":71,"column":44}},"loc":{"start":{"line":71,"column":56},"end":{"line":97,"column":5}},"line":71},"16":{"name":"deleteUserDao","decl":{"start":{"line":100,"column":9},"end":{"line":100,"column":22}},"loc":{"start":{"line":100,"column":31},"end":{"line":124,"column":1}},"line":100},"17":{"name":"(anonymous_17)","decl":{"start":{"line":101,"column":43},"end":{"line":101,"column":44}},"loc":{"start":{"line":101,"column":56},"end":{"line":123,"column":5}},"line":101},"18":{"name":"undeleteUserDao","decl":{"start":{"line":126,"column":9},"end":{"line":126,"column":24}},"loc":{"start":{"line":126,"column":33},"end":{"line":150,"column":1}},"line":126},"19":{"name":"(anonymous_19)","decl":{"start":{"line":127,"column":43},"end":{"line":127,"column":44}},"loc":{"start":{"line":127,"column":56},"end":{"line":149,"column":5}},"line":127}},"branchMap":{"0":{"loc":{"start":{"line":2,"column":16},"end":{"line":10,"column":1}},"type":"binary-expr","locations":[{"start":{"line":2,"column":17},"end":{"line":2,"column":21}},{"start":{"line":2,"column":25},"end":{"line":2,"column":39}},{"start":{"line":2,"column":44},"end":{"line":10,"column":1}}],"line":2},"1":{"loc":{"start":{"line":3,"column":35},"end":{"line":3,"column":109}},"type":"cond-expr","locations":[{"start":{"line":3,"column":56},"end":{"line":3,"column":61}},{"start":{"line":3,"column":64},"end":{"line":3,"column":109}}],"line":3},"2":{"loc":{"start":{"line":4,"column":16},"end":{"line":4,"column":34}},"type":"binary-expr","locations":[{"start":{"line":4,"column":16},"end":{"line":4,"column":17}},{"start":{"line":4,"column":22},"end":{"line":4,"column":33}}],"line":4},"3":{"loc":{"start":{"line":7,"column":32},"end":{"line":7,"column":115}},"type":"cond-expr","locations":[{"start":{"line":7,"column":46},"end":{"line":7,"column":67}},{"start":{"line":7,"column":70},"end":{"line":7,"column":115}}],"line":7},"4":{"loc":{"start":{"line":8,"column":51},"end":{"line":8,"column":67}},"type":"binary-expr","locations":[{"start":{"line":8,"column":51},"end":{"line":8,"column":61}},{"start":{"line":8,"column":65},"end":{"line":8,"column":67}}],"line":8},"5":{"loc":{"start":{"line":11,"column":22},"end":{"line":13,"column":1}},"type":"binary-expr","locations":[{"start":{"line":11,"column":23},"end":{"line":11,"column":27}},{"start":{"line":11,"column":31},"end":{"line":11,"column":51}},{"start":{"line":11,"column":56},"end":{"line":13,"column":1}}],"line":11},"6":{"loc":{"start":{"line":12,"column":11},"end":{"line":12,"column":61}},"type":"cond-expr","locations":[{"start":{"line":12,"column":37},"end":{"line":12,"column":40}},{"start":{"line":12,"column":43},"end":{"line":12,"column":61}}],"line":12},"7":{"loc":{"start":{"line":12,"column":12},"end":{"line":12,"column":33}},"type":"binary-expr","locations":[{"start":{"line":12,"column":12},"end":{"line":12,"column":15}},{"start":{"line":12,"column":19},"end":{"line":12,"column":33}}],"line":12},"8":{"loc":{"start":{"line":86,"column":12},"end":{"line":92,"column":13}},"type":"if","locations":[{"start":{"line":86,"column":12},"end":{"line":92,"column":13}},{"start":{"line":90,"column":17},"end":{"line":92,"column":13}}],"line":86},"9":{"loc":{"start":{"line":86,"column":16},"end":{"line":86,"column":92}},"type":"binary-expr","locations":[{"start":{"line":86,"column":16},"end":{"line":86,"column":22}},{"start":{"line":86,"column":26},"end":{"line":86,"column":47}},{"start":{"line":86,"column":51},"end":{"line":86,"column":68}},{"start":{"line":86,"column":72},"end":{"line":86,"column":92}}],"line":86},"10":{"loc":{"start":{"line":113,"column":12},"end":{"line":118,"column":13}},"type":"if","locations":[{"start":{"line":113,"column":12},"end":{"line":118,"column":13}},{"start":{"line":116,"column":17},"end":{"line":118,"column":13}}],"line":113},"11":{"loc":{"start":{"line":139,"column":12},"end":{"line":144,"column":13}},"type":"if","locations":[{"start":{"line":139,"column":12},"end":{"line":144,"column":13}},{"start":{"line":142,"column":17},"end":{"line":144,"column":13}}],"line":139}},"s":{"0":18,"1":15,"2":0,"3":15,"4":9,"5":9,"6":3,"7":6,"8":6,"9":6,"10":21,"11":15,"12":18,"13":18,"14":18,"15":18,"16":18,"17":2,"18":2,"19":2,"20":2,"21":1,"22":1,"23":18,"24":2,"25":2,"26":2,"27":1,"28":1,"29":18,"30":2,"31":2,"32":2,"33":1,"34":1,"35":18,"36":3,"37":3,"38":3,"39":3,"40":2,"41":1,"42":1,"43":1,"44":2,"45":18,"46":3,"47":3,"48":3,"49":3,"50":2,"51":1,"52":1,"53":2,"54":18,"55":3,"56":3,"57":3,"58":3,"59":2,"60":1,"61":1,"62":2,"63":18},"f":{"0":15,"1":15,"2":0,"3":15,"4":9,"5":6,"6":21,"7":18,"8":2,"9":2,"10":2,"11":2,"12":2,"13":2,"14":3,"15":3,"16":3,"17":3,"18":3,"19":3},"b":{"0":[18,0,18],"1":[15,0],"2":[15,15],"3":[6,15],"4":[15,15],"5":[18,0,18],"6":[18,0],"7":[18,18],"8":[1,1],"9":[2,2,2,2],"10":[1,1],"11":[1,1]},"_coverageSchema":"1a1c01bbd47fc00a2c39e90264f33305004495a9","hash":"54afeede6b641118380c0633c1c04596f4690f1c"}
,"B:\\Works\\Interview\\Shell Infotech\\backend\\dist\\middlewares\\database.js": {"path":"B:\\Works\\Interview\\Shell Infotech\\backend\\dist\\middlewares\\database.js","statementMap":{"0":{"start":{"line":2,"column":0},"end":{"line":2,"column":62}},"1":{"start":{"line":3,"column":0},"end":{"line":3,"column":46}},"2":{"start":{"line":4,"column":20},"end":{"line":4,"column":40}},"3":{"start":{"line":5,"column":20},"end":{"line":5,"column":50}},"4":{"start":{"line":7,"column":14},"end":{"line":7,"column":99}},"5":{"start":{"line":9,"column":18},"end":{"line":12,"column":2}},"6":{"start":{"line":13,"column":0},"end":{"line":13,"column":30}},"7":{"start":{"line":15,"column":17},"end":{"line":18,"column":1}},"8":{"start":{"line":16,"column":4},"end":{"line":16,"column":30}},"9":{"start":{"line":17,"column":4},"end":{"line":17,"column":11}},"10":{"start":{"line":19,"column":0},"end":{"line":19,"column":28}}},"fnMap":{"0":{"name":"(anonymous_0)","decl":{"start":{"line":15,"column":17},"end":{"line":15,"column":18}},"loc":{"start":{"line":15,"column":37},"end":{"line":18,"column":1}},"line":15}},"branchMap":{"0":{"loc":{"start":{"line":7,"column":14},"end":{"line":7,"column":99}},"type":"binary-expr","locations":[{"start":{"line":7,"column":14},"end":{"line":7,"column":38}},{"start":{"line":7,"column":42},"end":{"line":7,"column":99}}],"line":7}},"s":{"0":20,"1":20,"2":20,"3":20,"4":20,"5":20,"6":20,"7":20,"8":1,"9":1,"10":20},"f":{"0":1},"b":{"0":[20,0]},"_coverageSchema":"1a1c01bbd47fc00a2c39e90264f33305004495a9","hash":"25d52c2439bc8ebd214ab749ec72378af955d7af"}
,"B:\\Works\\Interview\\Shell Infotech\\backend\\dist\\models\\userModel.js": {"path":"B:\\Works\\Interview\\Shell Infotech\\backend\\dist\\models\\userModel.js","statementMap":{"0":{"start":{"line":2,"column":16},"end":{"line":10,"column":1}},"1":{"start":{"line":3,"column":28},"end":{"line":3,"column":110}},"2":{"start":{"line":3,"column":91},"end":{"line":3,"column":106}},"3":{"start":{"line":4,"column":4},"end":{"line":9,"column":7}},"4":{"start":{"line":5,"column":36},"end":{"line":5,"column":97}},"5":{"start":{"line":5,"column":42},"end":{"line":5,"column":70}},"6":{"start":{"line":5,"column":85},"end":{"line":5,"column":95}},"7":{"start":{"line":6,"column":35},"end":{"line":6,"column":100}},"8":{"start":{"line":6,"column":41},"end":{"line":6,"column":73}},"9":{"start":{"line":6,"column":88},"end":{"line":6,"column":98}},"10":{"start":{"line":7,"column":32},"end":{"line":7,"column":116}},"11":{"start":{"line":8,"column":8},"end":{"line":8,"column":78}},"12":{"start":{"line":11,"column":0},"end":{"line":11,"column":62}},"13":{"start":{"line":12,"column":20},"end":{"line":12,"column":40}},"14":{"start":{"line":13,"column":19},"end":{"line":13,"column":53}},"15":{"start":{"line":17,"column":8},"end":{"line":22,"column":11}},"16":{"start":{"line":18,"column":33},"end":{"line":18,"column":87}},"17":{"start":{"line":19,"column":12},"end":{"line":21,"column":13}},"18":{"start":{"line":20,"column":16},"end":{"line":20,"column":56}},"19":{"start":{"line":25,"column":0},"end":{"line":71,"column":3}},"20":{"start":{"line":41,"column":16},"end":{"line":46,"column":19}},"21":{"start":{"line":42,"column":44},"end":{"line":42,"column":81}},"22":{"start":{"line":43,"column":20},"end":{"line":45,"column":21}},"23":{"start":{"line":44,"column":24},"end":{"line":44,"column":57}},"24":{"start":{"line":72,"column":0},"end":{"line":72,"column":23}}},"fnMap":{"0":{"name":"(anonymous_0)","decl":{"start":{"line":2,"column":44},"end":{"line":2,"column":45}},"loc":{"start":{"line":2,"column":89},"end":{"line":10,"column":1}},"line":2},"1":{"name":"adopt","decl":{"start":{"line":3,"column":13},"end":{"line":3,"column":18}},"loc":{"start":{"line":3,"column":26},"end":{"line":3,"column":112}},"line":3},"2":{"name":"(anonymous_2)","decl":{"start":{"line":3,"column":70},"end":{"line":3,"column":71}},"loc":{"start":{"line":3,"column":89},"end":{"line":3,"column":108}},"line":3},"3":{"name":"(anonymous_3)","decl":{"start":{"line":4,"column":36},"end":{"line":4,"column":37}},"loc":{"start":{"line":4,"column":63},"end":{"line":9,"column":5}},"line":4},"4":{"name":"fulfilled","decl":{"start":{"line":5,"column":17},"end":{"line":5,"column":26}},"loc":{"start":{"line":5,"column":34},"end":{"line":5,"column":99}},"line":5},"5":{"name":"rejected","decl":{"start":{"line":6,"column":17},"end":{"line":6,"column":25}},"loc":{"start":{"line":6,"column":33},"end":{"line":6,"column":102}},"line":6},"6":{"name":"step","decl":{"start":{"line":7,"column":17},"end":{"line":7,"column":21}},"loc":{"start":{"line":7,"column":30},"end":{"line":7,"column":118}},"line":7},"7":{"name":"(anonymous_7)","decl":{"start":{"line":16,"column":4},"end":{"line":16,"column":5}},"loc":{"start":{"line":16,"column":31},"end":{"line":23,"column":5}},"line":16},"8":{"name":"(anonymous_8)","decl":{"start":{"line":17,"column":47},"end":{"line":17,"column":48}},"loc":{"start":{"line":17,"column":60},"end":{"line":22,"column":9}},"line":17},"9":{"name":"(anonymous_9)","decl":{"start":{"line":40,"column":22},"end":{"line":40,"column":23}},"loc":{"start":{"line":40,"column":42},"end":{"line":47,"column":13}},"line":40},"10":{"name":"(anonymous_10)","decl":{"start":{"line":41,"column":55},"end":{"line":41,"column":56}},"loc":{"start":{"line":41,"column":68},"end":{"line":46,"column":17}},"line":41}},"branchMap":{"0":{"loc":{"start":{"line":2,"column":16},"end":{"line":10,"column":1}},"type":"binary-expr","locations":[{"start":{"line":2,"column":17},"end":{"line":2,"column":21}},{"start":{"line":2,"column":25},"end":{"line":2,"column":39}},{"start":{"line":2,"column":44},"end":{"line":10,"column":1}}],"line":2},"1":{"loc":{"start":{"line":3,"column":35},"end":{"line":3,"column":109}},"type":"cond-expr","locations":[{"start":{"line":3,"column":56},"end":{"line":3,"column":61}},{"start":{"line":3,"column":64},"end":{"line":3,"column":109}}],"line":3},"2":{"loc":{"start":{"line":4,"column":16},"end":{"line":4,"column":34}},"type":"binary-expr","locations":[{"start":{"line":4,"column":16},"end":{"line":4,"column":17}},{"start":{"line":4,"column":22},"end":{"line":4,"column":33}}],"line":4},"3":{"loc":{"start":{"line":7,"column":32},"end":{"line":7,"column":115}},"type":"cond-expr","locations":[{"start":{"line":7,"column":46},"end":{"line":7,"column":67}},{"start":{"line":7,"column":70},"end":{"line":7,"column":115}}],"line":7},"4":{"loc":{"start":{"line":8,"column":51},"end":{"line":8,"column":67}},"type":"binary-expr","locations":[{"start":{"line":8,"column":51},"end":{"line":8,"column":61}},{"start":{"line":8,"column":65},"end":{"line":8,"column":67}}],"line":8},"5":{"loc":{"start":{"line":19,"column":12},"end":{"line":21,"column":13}},"type":"if","locations":[{"start":{"line":19,"column":12},"end":{"line":21,"column":13}},{"start":{},"end":{}}],"line":19},"6":{"loc":{"start":{"line":43,"column":20},"end":{"line":45,"column":21}},"type":"if","locations":[{"start":{"line":43,"column":20},"end":{"line":45,"column":21}},{"start":{},"end":{}}],"line":43}},"s":{"0":19,"1":2,"2":0,"3":2,"4":2,"5":2,"6":0,"7":0,"8":0,"9":0,"10":4,"11":2,"12":19,"13":19,"14":19,"15":1,"16":1,"17":1,"18":0,"19":19,"20":1,"21":1,"22":1,"23":0,"24":19},"f":{"0":2,"1":2,"2":0,"3":2,"4":2,"5":0,"6":4,"7":1,"8":1,"9":1,"10":1},"b":{"0":[19,0,19],"1":[2,0],"2":[2,2],"3":[2,2],"4":[2,2],"5":[0,1],"6":[0,1]},"_coverageSchema":"1a1c01bbd47fc00a2c39e90264f33305004495a9","hash":"c94dc8246a8cb47d87e3ef67857083ca91674802"}
,"B:\\Works\\Interview\\Shell Infotech\\backend\\dist\\services\\userService.js": {"path":"B:\\Works\\Interview\\Shell Infotech\\backend\\dist\\services\\userService.js","statementMap":{"0":{"start":{"line":2,"column":22},"end":{"line":12,"column":3}},"1":{"start":{"line":3,"column":4},"end":{"line":3,"column":33}},"2":{"start":{"line":3,"column":26},"end":{"line":3,"column":33}},"3":{"start":{"line":4,"column":15},"end":{"line":4,"column":52}},"4":{"start":{"line":5,"column":4},"end":{"line":7,"column":5}},"5":{"start":{"line":6,"column":6},"end":{"line":6,"column":68}},"6":{"start":{"line":6,"column":51},"end":{"line":6,"column":63}},"7":{"start":{"line":8,"column":4},"end":{"line":8,"column":39}},"8":{"start":{"line":10,"column":4},"end":{"line":10,"column":33}},"9":{"start":{"line":10,"column":26},"end":{"line":10,"column":33}},"10":{"start":{"line":11,"column":4},"end":{"line":11,"column":17}},"11":{"start":{"line":13,"column":25},"end":{"line":17,"column":2}},"12":{"start":{"line":14,"column":4},"end":{"line":14,"column":72}},"13":{"start":{"line":16,"column":4},"end":{"line":16,"column":21}},"14":{"start":{"line":18,"column":19},"end":{"line":24,"column":1}},"15":{"start":{"line":19,"column":4},"end":{"line":19,"column":42}},"16":{"start":{"line":19,"column":31},"end":{"line":19,"column":42}},"17":{"start":{"line":20,"column":17},"end":{"line":20,"column":19}},"18":{"start":{"line":21,"column":4},"end":{"line":21,"column":141}},"19":{"start":{"line":21,"column":21},"end":{"line":21,"column":141}},"20":{"start":{"line":21,"column":40},"end":{"line":21,"column":141}},"21":{"start":{"line":21,"column":109},"end":{"line":21,"column":141}},"22":{"start":{"line":22,"column":4},"end":{"line":22,"column":36}},"23":{"start":{"line":23,"column":4},"end":{"line":23,"column":18}},"24":{"start":{"line":25,"column":16},"end":{"line":33,"column":1}},"25":{"start":{"line":26,"column":28},"end":{"line":26,"column":110}},"26":{"start":{"line":26,"column":91},"end":{"line":26,"column":106}},"27":{"start":{"line":27,"column":4},"end":{"line":32,"column":7}},"28":{"start":{"line":28,"column":36},"end":{"line":28,"column":97}},"29":{"start":{"line":28,"column":42},"end":{"line":28,"column":70}},"30":{"start":{"line":28,"column":85},"end":{"line":28,"column":95}},"31":{"start":{"line":29,"column":35},"end":{"line":29,"column":100}},"32":{"start":{"line":29,"column":41},"end":{"line":29,"column":73}},"33":{"start":{"line":29,"column":88},"end":{"line":29,"column":98}},"34":{"start":{"line":30,"column":32},"end":{"line":30,"column":116}},"35":{"start":{"line":31,"column":8},"end":{"line":31,"column":78}},"36":{"start":{"line":34,"column":22},"end":{"line":36,"column":1}},"37":{"start":{"line":35,"column":4},"end":{"line":35,"column":62}},"38":{"start":{"line":37,"column":0},"end":{"line":37,"column":62}},"39":{"start":{"line":38,"column":0},"end":{"line":38,"column":174}},"40":{"start":{"line":39,"column":15},"end":{"line":39,"column":46}},"41":{"start":{"line":40,"column":23},"end":{"line":40,"column":63}},"42":{"start":{"line":41,"column":18},"end":{"line":41,"column":56}},"43":{"start":{"line":43,"column":4},"end":{"line":52,"column":7}},"44":{"start":{"line":44,"column":8},"end":{"line":51,"column":9}},"45":{"start":{"line":45,"column":35},"end":{"line":45,"column":66}},"46":{"start":{"line":46,"column":25},"end":{"line":46,"column":92}},"47":{"start":{"line":47,"column":12},"end":{"line":47,"column":24}},"48":{"start":{"line":50,"column":12},"end":{"line":50,"column":43}},"49":{"start":{"line":54,"column":0},"end":{"line":54,"column":46}},"50":{"start":{"line":56,"column":4},"end":{"line":74,"column":7}},"51":{"start":{"line":57,"column":26},"end":{"line":57,"column":36}},"52":{"start":{"line":58,"column":8},"end":{"line":73,"column":9}},"53":{"start":{"line":59,"column":12},"end":{"line":65,"column":13}},"54":{"start":{"line":60,"column":36},"end":{"line":60,"column":73}},"55":{"start":{"line":61,"column":16},"end":{"line":64,"column":17}},"56":{"start":{"line":62,"column":20},"end":{"line":62,"column":58}},"57":{"start":{"line":63,"column":20},"end":{"line":63,"column":39}},"58":{"start":{"line":66,"column":26},"end":{"line":66,"column":62}},"59":{"start":{"line":68,"column":12},"end":{"line":68,"column":64}},"60":{"start":{"line":69,"column":12},"end":{"line":69,"column":25}},"61":{"start":{"line":72,"column":12},"end":{"line":72,"column":43}},"62":{"start":{"line":76,"column":0},"end":{"line":76,"column":46}},"63":{"start":{"line":78,"column":4},"end":{"line":86,"column":7}},"64":{"start":{"line":79,"column":8},"end":{"line":85,"column":9}},"65":{"start":{"line":80,"column":25},"end":{"line":80,"column":64}},"66":{"start":{"line":81,"column":12},"end":{"line":81,"column":24}},"67":{"start":{"line":84,"column":12},"end":{"line":84,"column":43}},"68":{"start":{"line":88,"column":0},"end":{"line":88,"column":40}},"69":{"start":{"line":90,"column":4},"end":{"line":103,"column":7}},"70":{"start":{"line":91,"column":8},"end":{"line":102,"column":9}},"71":{"start":{"line":93,"column":12},"end":{"line":96,"column":13}},"72":{"start":{"line":95,"column":16},"end":{"line":95,"column":65}},"73":{"start":{"line":97,"column":25},"end":{"line":97,"column":100}},"74":{"start":{"line":98,"column":12},"end":{"line":98,"column":24}},"75":{"start":{"line":101,"column":12},"end":{"line":101,"column":43}},"76":{"start":{"line":105,"column":0},"end":{"line":105,"column":46}},"77":{"start":{"line":107,"column":4},"end":{"line":115,"column":7}},"78":{"start":{"line":108,"column":8},"end":{"line":114,"column":9}},"79":{"start":{"line":109,"column":25},"end":{"line":109,"column":67}},"80":{"start":{"line":110,"column":12},"end":{"line":110,"column":24}},"81":{"start":{"line":113,"column":12},"end":{"line":113,"column":43}},"82":{"start":{"line":117,"column":0},"end":{"line":117,"column":46}},"83":{"start":{"line":119,"column":4},"end":{"line":127,"column":7}},"84":{"start":{"line":120,"column":8},"end":{"line":126,"column":9}},"85":{"start":{"line":121,"column":25},"end":{"line":121,"column":69}},"86":{"start":{"line":122,"column":12},"end":{"line":122,"column":24}},"87":{"start":{"line":125,"column":12},"end":{"line":125,"column":43}},"88":{"start":{"line":129,"column":0},"end":{"line":129,"column":50}}},"fnMap":{"0":{"name":"(anonymous_0)","decl":{"start":{"line":2,"column":74},"end":{"line":2,"column":75}},"loc":{"start":{"line":2,"column":96},"end":{"line":9,"column":1}},"line":2},"1":{"name":"(anonymous_1)","decl":{"start":{"line":6,"column":38},"end":{"line":6,"column":39}},"loc":{"start":{"line":6,"column":49},"end":{"line":6,"column":65}},"line":6},"2":{"name":"(anonymous_2)","decl":{"start":{"line":9,"column":6},"end":{"line":9,"column":7}},"loc":{"start":{"line":9,"column":28},"end":{"line":12,"column":1}},"line":9},"3":{"name":"(anonymous_3)","decl":{"start":{"line":13,"column":80},"end":{"line":13,"column":81}},"loc":{"start":{"line":13,"column":95},"end":{"line":15,"column":1}},"line":13},"4":{"name":"(anonymous_4)","decl":{"start":{"line":15,"column":5},"end":{"line":15,"column":6}},"loc":{"start":{"line":15,"column":20},"end":{"line":17,"column":1}},"line":15},"5":{"name":"(anonymous_5)","decl":{"start":{"line":18,"column":50},"end":{"line":18,"column":51}},"loc":{"start":{"line":18,"column":65},"end":{"line":24,"column":1}},"line":18},"6":{"name":"(anonymous_6)","decl":{"start":{"line":25,"column":44},"end":{"line":25,"column":45}},"loc":{"start":{"line":25,"column":89},"end":{"line":33,"column":1}},"line":25},"7":{"name":"adopt","decl":{"start":{"line":26,"column":13},"end":{"line":26,"column":18}},"loc":{"start":{"line":26,"column":26},"end":{"line":26,"column":112}},"line":26},"8":{"name":"(anonymous_8)","decl":{"start":{"line":26,"column":70},"end":{"line":26,"column":71}},"loc":{"start":{"line":26,"column":89},"end":{"line":26,"column":108}},"line":26},"9":{"name":"(anonymous_9)","decl":{"start":{"line":27,"column":36},"end":{"line":27,"column":37}},"loc":{"start":{"line":27,"column":63},"end":{"line":32,"column":5}},"line":27},"10":{"name":"fulfilled","decl":{"start":{"line":28,"column":17},"end":{"line":28,"column":26}},"loc":{"start":{"line":28,"column":34},"end":{"line":28,"column":99}},"line":28},"11":{"name":"rejected","decl":{"start":{"line":29,"column":17},"end":{"line":29,"column":25}},"loc":{"start":{"line":29,"column":33},"end":{"line":29,"column":102}},"line":29},"12":{"name":"step","decl":{"start":{"line":30,"column":17},"end":{"line":30,"column":21}},"loc":{"start":{"line":30,"column":30},"end":{"line":30,"column":118}},"line":30},"13":{"name":"(anonymous_13)","decl":{"start":{"line":34,"column":56},"end":{"line":34,"column":57}},"loc":{"start":{"line":34,"column":71},"end":{"line":36,"column":1}},"line":34},"14":{"name":"createUserService","decl":{"start":{"line":42,"column":9},"end":{"line":42,"column":26}},"loc":{"start":{"line":42,"column":54},"end":{"line":53,"column":1}},"line":42},"15":{"name":"(anonymous_15)","decl":{"start":{"line":43,"column":43},"end":{"line":43,"column":44}},"loc":{"start":{"line":43,"column":56},"end":{"line":52,"column":5}},"line":43},"16":{"name":"getAllUserService","decl":{"start":{"line":55,"column":9},"end":{"line":55,"column":26}},"loc":{"start":{"line":55,"column":44},"end":{"line":75,"column":1}},"line":55},"17":{"name":"(anonymous_17)","decl":{"start":{"line":56,"column":43},"end":{"line":56,"column":44}},"loc":{"start":{"line":56,"column":56},"end":{"line":74,"column":5}},"line":56},"18":{"name":"getUserService","decl":{"start":{"line":77,"column":9},"end":{"line":77,"column":23}},"loc":{"start":{"line":77,"column":32},"end":{"line":87,"column":1}},"line":77},"19":{"name":"(anonymous_19)","decl":{"start":{"line":78,"column":43},"end":{"line":78,"column":44}},"loc":{"start":{"line":78,"column":56},"end":{"line":86,"column":5}},"line":78},"20":{"name":"updateUserService","decl":{"start":{"line":89,"column":9},"end":{"line":89,"column":26}},"loc":{"start":{"line":89,"column":62},"end":{"line":104,"column":1}},"line":89},"21":{"name":"(anonymous_21)","decl":{"start":{"line":90,"column":43},"end":{"line":90,"column":44}},"loc":{"start":{"line":90,"column":56},"end":{"line":103,"column":5}},"line":90},"22":{"name":"deleteUserService","decl":{"start":{"line":106,"column":9},"end":{"line":106,"column":26}},"loc":{"start":{"line":106,"column":35},"end":{"line":116,"column":1}},"line":106},"23":{"name":"(anonymous_23)","decl":{"start":{"line":107,"column":43},"end":{"line":107,"column":44}},"loc":{"start":{"line":107,"column":56},"end":{"line":115,"column":5}},"line":107},"24":{"name":"undeleteUserService","decl":{"start":{"line":118,"column":9},"end":{"line":118,"column":28}},"loc":{"start":{"line":118,"column":37},"end":{"line":128,"column":1}},"line":118},"25":{"name":"(anonymous_25)","decl":{"start":{"line":119,"column":43},"end":{"line":119,"column":44}},"loc":{"start":{"line":119,"column":56},"end":{"line":127,"column":5}},"line":119}},"branchMap":{"0":{"loc":{"start":{"line":2,"column":22},"end":{"line":12,"column":3}},"type":"binary-expr","locations":[{"start":{"line":2,"column":23},"end":{"line":2,"column":27}},{"start":{"line":2,"column":31},"end":{"line":2,"column":51}},{"start":{"line":2,"column":57},"end":{"line":12,"column":2}}],"line":2},"1":{"loc":{"start":{"line":2,"column":57},"end":{"line":12,"column":2}},"type":"cond-expr","locations":[{"start":{"line":2,"column":74},"end":{"line":9,"column":1}},{"start":{"line":9,"column":6},"end":{"line":12,"column":1}}],"line":2},"2":{"loc":{"start":{"line":3,"column":4},"end":{"line":3,"column":33}},"type":"if","locations":[{"start":{"line":3,"column":4},"end":{"line":3,"column":33}},{"start":{},"end":{}}],"line":3},"3":{"loc":{"start":{"line":5,"column":4},"end":{"line":7,"column":5}},"type":"if","locations":[{"start":{"line":5,"column":4},"end":{"line":7,"column":5}},{"start":{},"end":{}}],"line":5},"4":{"loc":{"start":{"line":5,"column":8},"end":{"line":5,"column":85}},"type":"binary-expr","locations":[{"start":{"line":5,"column":8},"end":{"line":5,"column":13}},{"start":{"line":5,"column":18},"end":{"line":5,"column":84}}],"line":5},"5":{"loc":{"start":{"line":5,"column":18},"end":{"line":5,"column":84}},"type":"cond-expr","locations":[{"start":{"line":5,"column":34},"end":{"line":5,"column":47}},{"start":{"line":5,"column":50},"end":{"line":5,"column":84}}],"line":5},"6":{"loc":{"start":{"line":5,"column":50},"end":{"line":5,"column":84}},"type":"binary-expr","locations":[{"start":{"line":5,"column":50},"end":{"line":5,"column":63}},{"start":{"line":5,"column":67},"end":{"line":5,"column":84}}],"line":5},"7":{"loc":{"start":{"line":10,"column":4},"end":{"line":10,"column":33}},"type":"if","locations":[{"start":{"line":10,"column":4},"end":{"line":10,"column":33}},{"start":{},"end":{}}],"line":10},"8":{"loc":{"start":{"line":13,"column":25},"end":{"line":17,"column":2}},"type":"binary-expr","locations":[{"start":{"line":13,"column":26},"end":{"line":13,"column":30}},{"start":{"line":13,"column":34},"end":{"line":13,"column":57}},{"start":{"line":13,"column":63},"end":{"line":17,"column":1}}],"line":13},"9":{"loc":{"start":{"line":13,"column":63},"end":{"line":17,"column":1}},"type":"cond-expr","locations":[{"start":{"line":13,"column":80},"end":{"line":15,"column":1}},{"start":{"line":15,"column":5},"end":{"line":17,"column":1}}],"line":13},"10":{"loc":{"start":{"line":18,"column":19},"end":{"line":24,"column":1}},"type":"binary-expr","locations":[{"start":{"line":18,"column":20},"end":{"line":18,"column":24}},{"start":{"line":18,"column":28},"end":{"line":18,"column":45}},{"start":{"line":18,"column":50},"end":{"line":24,"column":1}}],"line":18},"11":{"loc":{"start":{"line":19,"column":4},"end":{"line":19,"column":42}},"type":"if","locations":[{"start":{"line":19,"column":4},"end":{"line":19,"column":42}},{"start":{},"end":{}}],"line":19},"12":{"loc":{"start":{"line":19,"column":8},"end":{"line":19,"column":29}},"type":"binary-expr","locations":[{"start":{"line":19,"column":8},"end":{"line":19,"column":11}},{"start":{"line":19,"column":15},"end":{"line":19,"column":29}}],"line":19},"13":{"loc":{"start":{"line":21,"column":4},"end":{"line":21,"column":141}},"type":"if","locations":[{"start":{"line":21,"column":4},"end":{"line":21,"column":141}},{"start":{},"end":{}}],"line":21},"14":{"loc":{"start":{"line":21,"column":40},"end":{"line":21,"column":141}},"type":"if","locations":[{"start":{"line":21,"column":40},"end":{"line":21,"column":141}},{"start":{},"end":{}}],"line":21},"15":{"loc":{"start":{"line":21,"column":44},"end":{"line":21,"column":107}},"type":"binary-expr","locations":[{"start":{"line":21,"column":44},"end":{"line":21,"column":59}},{"start":{"line":21,"column":63},"end":{"line":21,"column":107}}],"line":21},"16":{"loc":{"start":{"line":25,"column":16},"end":{"line":33,"column":1}},"type":"binary-expr","locations":[{"start":{"line":25,"column":17},"end":{"line":25,"column":21}},{"start":{"line":25,"column":25},"end":{"line":25,"column":39}},{"start":{"line":25,"column":44},"end":{"line":33,"column":1}}],"line":25},"17":{"loc":{"start":{"line":26,"column":35},"end":{"line":26,"column":109}},"type":"cond-expr","locations":[{"start":{"line":26,"column":56},"end":{"line":26,"column":61}},{"start":{"line":26,"column":64},"end":{"line":26,"column":109}}],"line":26},"18":{"loc":{"start":{"line":27,"column":16},"end":{"line":27,"column":34}},"type":"binary-expr","locations":[{"start":{"line":27,"column":16},"end":{"line":27,"column":17}},{"start":{"line":27,"column":22},"end":{"line":27,"column":33}}],"line":27},"19":{"loc":{"start":{"line":30,"column":32},"end":{"line":30,"column":115}},"type":"cond-expr","locations":[{"start":{"line":30,"column":46},"end":{"line":30,"column":67}},{"start":{"line":30,"column":70},"end":{"line":30,"column":115}}],"line":30},"20":{"loc":{"start":{"line":31,"column":51},"end":{"line":31,"column":67}},"type":"binary-expr","locations":[{"start":{"line":31,"column":51},"end":{"line":31,"column":61}},{"start":{"line":31,"column":65},"end":{"line":31,"column":67}}],"line":31},"21":{"loc":{"start":{"line":34,"column":22},"end":{"line":36,"column":1}},"type":"binary-expr","locations":[{"start":{"line":34,"column":23},"end":{"line":34,"column":27}},{"start":{"line":34,"column":31},"end":{"line":34,"column":51}},{"start":{"line":34,"column":56},"end":{"line":36,"column":1}}],"line":34},"22":{"loc":{"start":{"line":35,"column":11},"end":{"line":35,"column":61}},"type":"cond-expr","locations":[{"start":{"line":35,"column":37},"end":{"line":35,"column":40}},{"start":{"line":35,"column":43},"end":{"line":35,"column":61}}],"line":35},"23":{"loc":{"start":{"line":35,"column":12},"end":{"line":35,"column":33}},"type":"binary-expr","locations":[{"start":{"line":35,"column":12},"end":{"line":35,"column":15}},{"start":{"line":35,"column":19},"end":{"line":35,"column":33}}],"line":35},"24":{"loc":{"start":{"line":55,"column":27},"end":{"line":55,"column":42}},"type":"default-arg","locations":[{"start":{"line":55,"column":38},"end":{"line":55,"column":42}}],"line":55},"25":{"loc":{"start":{"line":59,"column":12},"end":{"line":65,"column":13}},"type":"if","locations":[{"start":{"line":59,"column":12},"end":{"line":65,"column":13}},{"start":{},"end":{}}],"line":59},"26":{"loc":{"start":{"line":61,"column":16},"end":{"line":64,"column":17}},"type":"if","locations":[{"start":{"line":61,"column":16},"end":{"line":64,"column":17}},{"start":{},"end":{}}],"line":61},"27":{"loc":{"start":{"line":93,"column":12},"end":{"line":96,"column":13}},"type":"if","locations":[{"start":{"line":93,"column":12},"end":{"line":96,"column":13}},{"start":{},"end":{}}],"line":93}},"s":{"0":12,"1":84,"2":84,"3":84,"4":84,"5":84,"6":4,"7":84,"8":0,"9":0,"10":0,"11":12,"12":12,"13":0,"14":12,"15":12,"16":0,"17":12,"18":12,"19":12,"20":84,"21":84,"22":12,"23":12,"24":12,"25":20,"26":1,"27":17,"28":13,"29":13,"30":0,"31":7,"32":7,"33":7,"34":30,"35":17,"36":12,"37":12,"38":12,"39":12,"40":12,"41":12,"42":12,"43":2,"44":2,"45":2,"46":2,"47":1,"48":1,"49":12,"50":6,"51":6,"52":6,"53":6,"54":5,"55":5,"56":1,"57":1,"58":5,"59":4,"60":4,"61":1,"62":12,"63":2,"64":2,"65":2,"66":1,"67":1,"68":12,"69":3,"70":3,"71":3,"72":2,"73":3,"74":1,"75":2,"76":12,"77":2,"78":2,"79":2,"80":1,"81":1,"82":12,"83":2,"84":2,"85":2,"86":1,"87":1,"88":12},"f":{"0":84,"1":4,"2":0,"3":12,"4":0,"5":12,"6":17,"7":20,"8":1,"9":17,"10":13,"11":7,"12":30,"13":12,"14":2,"15":2,"16":6,"17":6,"18":2,"19":2,"20":3,"21":3,"22":2,"23":2,"24":2,"25":2},"b":{"0":[12,0,12],"1":[12,0],"2":[84,0],"3":[84,0],"4":[84,84],"5":[0,84],"6":[84,0],"7":[0,0],"8":[12,0,12],"9":[12,0],"10":[12,0,12],"11":[0,12],"12":[12,12],"13":[12,0],"14":[84,0],"15":[84,84],"16":[12,0,12],"17":[19,1],"18":[17,17],"19":[10,20],"20":[17,17],"21":[12,0,12],"22":[0,12],"23":[12,12],"24":[5],"25":[5,1],"26":[1,4],"27":[2,1]},"_coverageSchema":"1a1c01bbd47fc00a2c39e90264f33305004495a9","hash":"3e9ff3fa97fd6ceeb77134596a9d4b8161b0127c"}
,"B:\\Works\\Interview\\Shell Infotech\\backend\\src\\config\\constants.ts": {"path":"B:\\Works\\Interview\\Shell Infotech\\backend\\src\\config\\constants.ts","statementMap":{"0":{"start":{"line":2,"column":0},"end":{"line":2,"column":16}},"1":{"start":{"line":4,"column":20},"end":{"line":4,"column":36}},"2":{"start":{"line":5,"column":28},"end":{"line":5,"column":52}},"3":{"start":{"line":6,"column":29},"end":{"line":6,"column":54}}},"fnMap":{},"branchMap":{},"s":{"0":20,"1":20,"2":20,"3":20},"f":{},"b":{},"_coverageSchema":"1a1c01bbd47fc00a2c39e90264f33305004495a9","hash":"5a8b5f8edd5785591dc98150f2cd5e7f5d33aa91"}
,"B:\\Works\\Interview\\Shell Infotech\\backend\\src\\controllers\\userController.ts": {"path":"B:\\Works\\Interview\\Shell Infotech\\backend\\src\\controllers\\userController.ts","statementMap":{"0":{"start":{"line":6,"column":40},"end":{"line":6,"column":48}},"1":{"start":{"line":8,"column":2},"end":{"line":26,"column":3}},"2":{"start":{"line":9,"column":17},"end":{"line":9,"column":67}},"3":{"start":{"line":11,"column":4},"end":{"line":21,"column":5}},"4":{"start":{"line":12,"column":6},"end":{"line":15,"column":9}},"5":{"start":{"line":17,"column":6},"end":{"line":20,"column":9}},"6":{"start":{"line":23,"column":4},"end":{"line":25,"column":7}},"7":{"start":{"line":30,"column":2},"end":{"line":40,"column":3}},"8":{"start":{"line":31,"column":18},"end":{"line":31,"column":43}},"9":{"start":{"line":32,"column":4},"end":{"line":35,"column":7}},"10":{"start":{"line":37,"column":4},"end":{"line":39,"column":7}},"11":{"start":{"line":44,"column":17},"end":{"line":44,"column":30}},"12":{"start":{"line":45,"column":2},"end":{"line":62,"column":3}},"13":{"start":{"line":46,"column":17},"end":{"line":46,"column":55}},"14":{"start":{"line":47,"column":4},"end":{"line":47,"column":28}},"15":{"start":{"line":48,"column":4},"end":{"line":57,"column":5}},"16":{"start":{"line":49,"column":6},"end":{"line":52,"column":9}},"17":{"start":{"line":54,"column":6},"end":{"line":56,"column":9}},"18":{"start":{"line":59,"column":4},"end":{"line":61,"column":7}},"19":{"start":{"line":66,"column":40},"end":{"line":66,"column":48}},"20":{"start":{"line":67,"column":17},"end":{"line":67,"column":40}},"21":{"start":{"line":69,"column":2},"end":{"line":85,"column":3}},"22":{"start":{"line":70,"column":17},"end":{"line":70,"column":75}},"23":{"start":{"line":72,"column":4},"end":{"line":80,"column":5}},"24":{"start":{"line":73,"column":6},"end":{"line":75,"column":9}},"25":{"start":{"line":77,"column":6},"end":{"line":79,"column":9}},"26":{"start":{"line":82,"column":4},"end":{"line":84,"column":7}},"27":{"start":{"line":89,"column":17},"end":{"line":89,"column":40}},"28":{"start":{"line":91,"column":2},"end":{"line":107,"column":3}},"29":{"start":{"line":92,"column":17},"end":{"line":92,"column":48}},"30":{"start":{"line":94,"column":4},"end":{"line":102,"column":5}},"31":{"start":{"line":95,"column":6},"end":{"line":97,"column":9}},"32":{"start":{"line":99,"column":6},"end":{"line":101,"column":9}},"33":{"start":{"line":104,"column":4},"end":{"line":106,"column":7}},"34":{"start":{"line":111,"column":17},"end":{"line":111,"column":40}},"35":{"start":{"line":113,"column":2},"end":{"line":129,"column":3}},"36":{"start":{"line":114,"column":17},"end":{"line":114,"column":50}},"37":{"start":{"line":116,"column":4},"end":{"line":124,"column":5}},"38":{"start":{"line":117,"column":6},"end":{"line":119,"column":9}},"39":{"start":{"line":121,"column":6},"end":{"line":123,"column":9}},"40":{"start":{"line":126,"column":4},"end":{"line":128,"column":7}}},"fnMap":{"0":{"name":"createUserController","decl":{"start":{"line":5,"column":15},"end":{"line":5,"column":35}},"loc":{"start":{"line":5,"column":65},"end":{"line":27,"column":1}},"line":5},"1":{"name":"getAllUserController","decl":{"start":{"line":29,"column":15},"end":{"line":29,"column":35}},"loc":{"start":{"line":29,"column":65},"end":{"line":41,"column":1}},"line":29},"2":{"name":"getUserByIdController","decl":{"start":{"line":43,"column":15},"end":{"line":43,"column":36}},"loc":{"start":{"line":43,"column":66},"end":{"line":63,"column":1}},"line":43},"3":{"name":"updateUserController","decl":{"start":{"line":65,"column":15},"end":{"line":65,"column":35}},"loc":{"start":{"line":65,"column":65},"end":{"line":86,"column":1}},"line":65},"4":{"name":"deleteUserController","decl":{"start":{"line":88,"column":15},"end":{"line":88,"column":35}},"loc":{"start":{"line":88,"column":65},"end":{"line":108,"column":1}},"line":88},"5":{"name":"undeleteUserController","decl":{"start":{"line":110,"column":15},"end":{"line":110,"column":37}},"loc":{"start":{"line":110,"column":67},"end":{"line":130,"column":1}},"line":110}},"branchMap":{"0":{"loc":{"start":{"line":11,"column":4},"end":{"line":21,"column":5}},"type":"if","locations":[{"start":{"line":11,"column":4},"end":{"line":21,"column":5}},{"start":{"line":16,"column":11},"end":{"line":21,"column":5}}],"line":11},"1":{"loc":{"start":{"line":48,"column":4},"end":{"line":57,"column":5}},"type":"if","locations":[{"start":{"line":48,"column":4},"end":{"line":57,"column":5}},{"start":{"line":53,"column":11},"end":{"line":57,"column":5}}],"line":48},"2":{"loc":{"start":{"line":72,"column":4},"end":{"line":80,"column":5}},"type":"if","locations":[{"start":{"line":72,"column":4},"end":{"line":80,"column":5}},{"start":{"line":76,"column":11},"end":{"line":80,"column":5}}],"line":72},"3":{"loc":{"start":{"line":94,"column":4},"end":{"line":102,"column":5}},"type":"if","locations":[{"start":{"line":94,"column":4},"end":{"line":102,"column":5}},{"start":{"line":98,"column":11},"end":{"line":102,"column":5}}],"line":94},"4":{"loc":{"start":{"line":116,"column":4},"end":{"line":124,"column":5}},"type":"if","locations":[{"start":{"line":116,"column":4},"end":{"line":124,"column":5}},{"start":{"line":120,"column":11},"end":{"line":124,"column":5}}],"line":116}},"s":{"0":3,"1":3,"2":3,"3":2,"4":1,"5":1,"6":1,"7":2,"8":2,"9":1,"10":1,"11":3,"12":3,"13":3,"14":2,"15":2,"16":1,"17":1,"18":1,"19":3,"20":3,"21":3,"22":3,"23":2,"24":1,"25":1,"26":1,"27":3,"28":3,"29":3,"30":2,"31":1,"32":1,"33":1,"34":3,"35":3,"36":3,"37":2,"38":1,"39":1,"40":1},"f":{"0":3,"1":2,"2":3,"3":3,"4":3,"5":3},"b":{"0":[1,1],"1":[1,1],"2":[1,1],"3":[1,1],"4":[1,1]},"_coverageSchema":"1a1c01bbd47fc00a2c39e90264f33305004495a9","hash":"19876b4f72d64434471b035de6ae0095cd3ab153"}
,"B:\\Works\\Interview\\Shell Infotech\\backend\\src\\dataAccessObject\\userDao.ts": {"path":"B:\\Works\\Interview\\Shell Infotech\\backend\\src\\dataAccessObject\\userDao.ts","statementMap":{"0":{"start":{"line":5,"column":24},"end":{"line":5,"column":34}},"1":{"start":{"line":6,"column":4},"end":{"line":19,"column":5}},"2":{"start":{"line":7,"column":21},"end":{"line":14,"column":10}},"3":{"start":{"line":16,"column":8},"end":{"line":16,"column":20}},"4":{"start":{"line":18,"column":8},"end":{"line":18,"column":73}},"5":{"start":{"line":23,"column":4},"end":{"line":33,"column":5}},"6":{"start":{"line":24,"column":22},"end":{"line":28,"column":10}},"7":{"start":{"line":30,"column":8},"end":{"line":30,"column":21}},"8":{"start":{"line":32,"column":8},"end":{"line":32,"column":73}},"9":{"start":{"line":37,"column":4},"end":{"line":48,"column":5}},"10":{"start":{"line":38,"column":21},"end":{"line":43,"column":10}},"11":{"start":{"line":45,"column":8},"end":{"line":45,"column":20}},"12":{"start":{"line":47,"column":8},"end":{"line":47,"column":73}},"13":{"start":{"line":52,"column":24},"end":{"line":52,"column":34}},"14":{"start":{"line":53,"column":4},"end":{"line":78,"column":5}},"15":{"start":{"line":54,"column":23},"end":{"line":68,"column":9}},"16":{"start":{"line":70,"column":8},"end":{"line":75,"column":9}},"17":{"start":{"line":71,"column":25},"end":{"line":71,"column":37}},"18":{"start":{"line":72,"column":12},"end":{"line":72,"column":24}},"19":{"start":{"line":74,"column":12},"end":{"line":74,"column":47}},"20":{"start":{"line":77,"column":8},"end":{"line":77,"column":73}},"21":{"start":{"line":83,"column":24},"end":{"line":83,"column":34}},"22":{"start":{"line":84,"column":4},"end":{"line":105,"column":5}},"23":{"start":{"line":85,"column":31},"end":{"line":96,"column":9}},"24":{"start":{"line":98,"column":8},"end":{"line":102,"column":9}},"25":{"start":{"line":99,"column":12},"end":{"line":99,"column":61}},"26":{"start":{"line":101,"column":12},"end":{"line":101,"column":47}},"27":{"start":{"line":104,"column":8},"end":{"line":104,"column":73}},"28":{"start":{"line":109,"column":24},"end":{"line":109,"column":34}},"29":{"start":{"line":110,"column":4},"end":{"line":131,"column":5}},"30":{"start":{"line":111,"column":31},"end":{"line":122,"column":9}},"31":{"start":{"line":124,"column":8},"end":{"line":128,"column":9}},"32":{"start":{"line":125,"column":12},"end":{"line":125,"column":61}},"33":{"start":{"line":127,"column":12},"end":{"line":127,"column":49}},"34":{"start":{"line":130,"column":8},"end":{"line":130,"column":73}}},"fnMap":{"0":{"name":"createUserDao","decl":{"start":{"line":4,"column":15},"end":{"line":4,"column":28}},"loc":{"start":{"line":4,"column":94},"end":{"line":20,"column":1}},"line":4},"1":{"name":"getAllUserDao","decl":{"start":{"line":22,"column":15},"end":{"line":22,"column":28}},"loc":{"start":{"line":22,"column":45},"end":{"line":34,"column":1}},"line":22},"2":{"name":"getUserDao","decl":{"start":{"line":36,"column":15},"end":{"line":36,"column":25}},"loc":{"start":{"line":36,"column":56},"end":{"line":49,"column":1}},"line":36},"3":{"name":"updateUserDao","decl":{"start":{"line":51,"column":15},"end":{"line":51,"column":28}},"loc":{"start":{"line":51,"column":122},"end":{"line":80,"column":1}},"line":51},"4":{"name":"deleteUserDao","decl":{"start":{"line":82,"column":15},"end":{"line":82,"column":28}},"loc":{"start":{"line":82,"column":59},"end":{"line":106,"column":1}},"line":82},"5":{"name":"undeleteUserDao","decl":{"start":{"line":108,"column":15},"end":{"line":108,"column":30}},"loc":{"start":{"line":108,"column":61},"end":{"line":132,"column":1}},"line":108}},"branchMap":{"0":{"loc":{"start":{"line":70,"column":8},"end":{"line":75,"column":9}},"type":"if","locations":[{"start":{"line":70,"column":8},"end":{"line":75,"column":9}},{"start":{"line":73,"column":15},"end":{"line":75,"column":9}}],"line":70},"1":{"loc":{"start":{"line":70,"column":12},"end":{"line":70,"column":88}},"type":"binary-expr","locations":[{"start":{"line":70,"column":12},"end":{"line":70,"column":18}},{"start":{"line":70,"column":22},"end":{"line":70,"column":43}},{"start":{"line":70,"column":47},"end":{"line":70,"column":64}},{"start":{"line":70,"column":68},"end":{"line":70,"column":88}}],"line":70},"2":{"loc":{"start":{"line":98,"column":8},"end":{"line":102,"column":9}},"type":"if","locations":[{"start":{"line":98,"column":8},"end":{"line":102,"column":9}},{"start":{"line":100,"column":15},"end":{"line":102,"column":9}}],"line":98},"3":{"loc":{"start":{"line":124,"column":8},"end":{"line":128,"column":9}},"type":"if","locations":[{"start":{"line":124,"column":8},"end":{"line":128,"column":9}},{"start":{"line":126,"column":15},"end":{"line":128,"column":9}}],"line":124}},"s":{"0":2,"1":2,"2":2,"3":1,"4":1,"5":2,"6":2,"7":1,"8":1,"9":2,"10":2,"11":1,"12":1,"13":3,"14":3,"15":3,"16":2,"17":1,"18":1,"19":1,"20":2,"21":3,"22":3,"23":3,"24":2,"25":1,"26":1,"27":2,"28":3,"29":3,"30":3,"31":2,"32":1,"33":1,"34":2},"f":{"0":2,"1":2,"2":2,"3":3,"4":3,"5":3},"b":{"0":[1,1],"1":[2,2,2,2],"2":[1,1],"3":[1,1]},"_coverageSchema":"1a1c01bbd47fc00a2c39e90264f33305004495a9","hash":"9b8222d128c71c331cb45d5714c50fc50e496ea6"}
,"B:\\Works\\Interview\\Shell Infotech\\backend\\src\\middlewares\\database.ts": {"path":"B:\\Works\\Interview\\Shell Infotech\\backend\\src\\middlewares\\database.ts","statementMap":{"0":{"start":{"line":10,"column":14},"end":{"line":10,"column":87}},"1":{"start":{"line":13,"column":18},"end":{"line":16,"column":2}},"2":{"start":{"line":19,"column":17},"end":{"line":22,"column":1}},"3":{"start":{"line":20,"column":2},"end":{"line":20,"column":28}},"4":{"start":{"line":21,"column":2},"end":{"line":21,"column":9}}},"fnMap":{"0":{"name":"(anonymous_0)","decl":{"start":{"line":19,"column":17},"end":{"line":19,"column":18}},"loc":{"start":{"line":19,"column":82},"end":{"line":22,"column":1}},"line":19}},"branchMap":{"0":{"loc":{"start":{"line":10,"column":14},"end":{"line":10,"column":87}},"type":"binary-expr","locations":[{"start":{"line":10,"column":14},"end":{"line":10,"column":26}},{"start":{"line":10,"column":30},"end":{"line":10,"column":87}}],"line":10}},"s":{"0":20,"1":20,"2":20,"3":1,"4":1},"f":{"0":1},"b":{"0":[20,0]},"_coverageSchema":"1a1c01bbd47fc00a2c39e90264f33305004495a9","hash":"5f5cec021aa414ab8cbca67af589bd050c8aa8bf"}
,"B:\\Works\\Interview\\Shell Infotech\\backend\\src\\models\\userModel.ts": {"path":"B:\\Works\\Interview\\Shell Infotech\\backend\\src\\models\\userModel.ts","statementMap":{"0":{"start":{"line":27,"column":25},"end":{"line":27,"column":79}},"1":{"start":{"line":28,"column":4},"end":{"line":30,"column":5}},"2":{"start":{"line":29,"column":6},"end":{"line":29,"column":46}},"3":{"start":{"line":34,"column":0},"end":{"line":81,"column":2}},"4":{"start":{"line":51,"column":34},"end":{"line":51,"column":71}},"5":{"start":{"line":52,"column":10},"end":{"line":54,"column":11}},"6":{"start":{"line":53,"column":12},"end":{"line":53,"column":45}}},"fnMap":{"0":{"name":"(anonymous_0)","decl":{"start":{"line":26,"column":2},"end":{"line":26,"column":3}},"loc":{"start":{"line":26,"column":79},"end":{"line":31,"column":3}},"line":26},"1":{"name":"(anonymous_1)","decl":{"start":{"line":50,"column":18},"end":{"line":50,"column":19}},"loc":{"start":{"line":50,"column":79},"end":{"line":55,"column":9}},"line":50}},"branchMap":{"0":{"loc":{"start":{"line":28,"column":4},"end":{"line":30,"column":5}},"type":"if","locations":[{"start":{"line":28,"column":4},"end":{"line":30,"column":5}},{"start":{},"end":{}}],"line":28},"1":{"loc":{"start":{"line":52,"column":10},"end":{"line":54,"column":11}},"type":"if","locations":[{"start":{"line":52,"column":10},"end":{"line":54,"column":11}},{"start":{},"end":{}}],"line":52}},"s":{"0":1,"1":1,"2":0,"3":19,"4":1,"5":1,"6":0},"f":{"0":1,"1":1},"b":{"0":[0,1],"1":[0,1]},"_coverageSchema":"1a1c01bbd47fc00a2c39e90264f33305004495a9","hash":"94a12e1e40bc259ae1a21d40a0416a6e4c54ec0d"}
,"B:\\Works\\Interview\\Shell Infotech\\backend\\src\\services\\userService.ts": {"path":"B:\\Works\\Interview\\Shell Infotech\\backend\\src\\services\\userService.ts","statementMap":{"0":{"start":{"line":7,"column":2},"end":{"line":14,"column":3}},"1":{"start":{"line":8,"column":27},"end":{"line":8,"column":58}},"2":{"start":{"line":10,"column":17},"end":{"line":10,"column":69}},"3":{"start":{"line":11,"column":4},"end":{"line":11,"column":16}},"4":{"start":{"line":13,"column":4},"end":{"line":13,"column":35}},"5":{"start":{"line":18,"column":20},"end":{"line":18,"column":30}},"6":{"start":{"line":20,"column":2},"end":{"line":37,"column":3}},"7":{"start":{"line":21,"column":4},"end":{"line":27,"column":5}},"8":{"start":{"line":22,"column":26},"end":{"line":22,"column":46}},"9":{"start":{"line":23,"column":6},"end":{"line":26,"column":7}},"10":{"start":{"line":24,"column":8},"end":{"line":24,"column":46}},"11":{"start":{"line":25,"column":8},"end":{"line":25,"column":27}},"12":{"start":{"line":29,"column":18},"end":{"line":29,"column":39}},"13":{"start":{"line":32,"column":4},"end":{"line":32,"column":39}},"14":{"start":{"line":34,"column":4},"end":{"line":34,"column":17}},"15":{"start":{"line":36,"column":4},"end":{"line":36,"column":35}},"16":{"start":{"line":42,"column":2},"end":{"line":48,"column":3}},"17":{"start":{"line":44,"column":17},"end":{"line":44,"column":41}},"18":{"start":{"line":45,"column":4},"end":{"line":45,"column":16}},"19":{"start":{"line":47,"column":4},"end":{"line":47,"column":35}},"20":{"start":{"line":52,"column":2},"end":{"line":64,"column":3}},"21":{"start":{"line":55,"column":4},"end":{"line":58,"column":5}},"22":{"start":{"line":57,"column":6},"end":{"line":57,"column":55}},"23":{"start":{"line":60,"column":17},"end":{"line":60,"column":77}},"24":{"start":{"line":61,"column":4},"end":{"line":61,"column":16}},"25":{"start":{"line":63,"column":4},"end":{"line":63,"column":35}},"26":{"start":{"line":68,"column":2},"end":{"line":74,"column":3}},"27":{"start":{"line":70,"column":17},"end":{"line":70,"column":44}},"28":{"start":{"line":71,"column":4},"end":{"line":71,"column":16}},"29":{"start":{"line":73,"column":4},"end":{"line":73,"column":35}},"30":{"start":{"line":78,"column":2},"end":{"line":84,"column":3}},"31":{"start":{"line":80,"column":17},"end":{"line":80,"column":46}},"32":{"start":{"line":81,"column":4},"end":{"line":81,"column":16}},"33":{"start":{"line":83,"column":4},"end":{"line":83,"column":35}}},"fnMap":{"0":{"name":"createUserService","decl":{"start":{"line":6,"column":15},"end":{"line":6,"column":32}},"loc":{"start":{"line":6,"column":84},"end":{"line":15,"column":1}},"line":6},"1":{"name":"getAllUserService","decl":{"start":{"line":17,"column":15},"end":{"line":17,"column":32}},"loc":{"start":{"line":17,"column":59},"end":{"line":38,"column":1}},"line":17},"2":{"name":"getUserService","decl":{"start":{"line":41,"column":15},"end":{"line":41,"column":29}},"loc":{"start":{"line":41,"column":46},"end":{"line":49,"column":1}},"line":41},"3":{"name":"updateUserService","decl":{"start":{"line":51,"column":15},"end":{"line":51,"column":32}},"loc":{"start":{"line":51,"column":112},"end":{"line":65,"column":1}},"line":51},"4":{"name":"deleteUserService","decl":{"start":{"line":67,"column":15},"end":{"line":67,"column":32}},"loc":{"start":{"line":67,"column":49},"end":{"line":75,"column":1}},"line":67},"5":{"name":"undeleteUserService","decl":{"start":{"line":77,"column":15},"end":{"line":77,"column":34}},"loc":{"start":{"line":77,"column":51},"end":{"line":85,"column":1}},"line":77}},"branchMap":{"0":{"loc":{"start":{"line":17,"column":33},"end":{"line":17,"column":57}},"type":"default-arg","locations":[{"start":{"line":17,"column":53},"end":{"line":17,"column":57}}],"line":17},"1":{"loc":{"start":{"line":21,"column":4},"end":{"line":27,"column":5}},"type":"if","locations":[{"start":{"line":21,"column":4},"end":{"line":27,"column":5}},{"start":{},"end":{}}],"line":21},"2":{"loc":{"start":{"line":23,"column":6},"end":{"line":26,"column":7}},"type":"if","locations":[{"start":{"line":23,"column":6},"end":{"line":26,"column":7}},{"start":{},"end":{}}],"line":23},"3":{"loc":{"start":{"line":55,"column":4},"end":{"line":58,"column":5}},"type":"if","locations":[{"start":{"line":55,"column":4},"end":{"line":58,"column":5}},{"start":{},"end":{}}],"line":55}},"s":{"0":2,"1":2,"2":2,"3":1,"4":1,"5":6,"6":6,"7":6,"8":5,"9":5,"10":1,"11":1,"12":5,"13":4,"14":4,"15":1,"16":2,"17":2,"18":1,"19":1,"20":3,"21":3,"22":2,"23":3,"24":1,"25":2,"26":2,"27":2,"28":1,"29":1,"30":2,"31":2,"32":1,"33":1},"f":{"0":2,"1":6,"2":2,"3":3,"4":2,"5":2},"b":{"0":[5],"1":[5,1],"2":[1,4],"3":[2,1]},"_coverageSchema":"1a1c01bbd47fc00a2c39e90264f33305004495a9","hash":"49c2c5ec753916fbe69ecb9850de6a3e94a06be0"}
}
