{"B:\\Works\\Interview\\Shell Infotech\\backend\\dist\\config\\constants.js": {"path":"B:\\Works\\Interview\\Shell Infotech\\backend\\dist\\config\\constants.js","statementMap":{"0":{"start":{"line":2,"column":22},"end":{"line":4,"column":1}},"1":{"start":{"line":3,"column":4},"end":{"line":3,"column":62}},"2":{"start":{"line":5,"column":0},"end":{"line":5,"column":62}},"3":{"start":{"line":6,"column":0},"end":{"line":6,"column":69}},"4":{"start":{"line":7,"column":17},"end":{"line":7,"column":51}},"5":{"start":{"line":8,"column":0},"end":{"line":8,"column":26}},"6":{"start":{"line":9,"column":0},"end":{"line":9,"column":32}},"7":{"start":{"line":10,"column":0},"end":{"line":10,"column":48}},"8":{"start":{"line":11,"column":0},"end":{"line":11,"column":50}}},"fnMap":{"0":{"name":"(anonymous_0)","decl":{"start":{"line":2,"column":56},"end":{"line":2,"column":57}},"loc":{"start":{"line":2,"column":71},"end":{"line":4,"column":1}},"line":2}},"branchMap":{"0":{"loc":{"start":{"line":2,"column":22},"end":{"line":4,"column":1}},"type":"binary-expr","locations":[{"start":{"line":2,"column":23},"end":{"line":2,"column":27}},{"start":{"line":2,"column":31},"end":{"line":2,"column":51}},{"start":{"line":2,"column":56},"end":{"line":4,"column":1}}],"line":2},"1":{"loc":{"start":{"line":3,"column":11},"end":{"line":3,"column":61}},"type":"cond-expr","locations":[{"start":{"line":3,"column":37},"end":{"line":3,"column":40}},{"start":{"line":3,"column":43},"end":{"line":3,"column":61}}],"line":3},"2":{"loc":{"start":{"line":3,"column":12},"end":{"line":3,"column":33}},"type":"binary-expr","locations":[{"start":{"line":3,"column":12},"end":{"line":3,"column":15}},{"start":{"line":3,"column":19},"end":{"line":3,"column":33}}],"line":3}},"s":{"0":12,"1":12,"2":12,"3":12,"4":12,"5":12,"6":12,"7":12,"8":12},"f":{"0":12},"b":{"0":[12,12,12],"1":[0,12],"2":[12,12]},"inputSourceMap":null,"_coverageSchema":"1a1c01bbd47fc00a2c39e90264f33305004495a9","hash":"a777baa448b627e21fc726d1b08aa515e4e09d5e"}
,"B:\\Works\\Interview\\Shell Infotech\\backend\\dist\\controllers\\userController.js": {"path":"B:\\Works\\Interview\\Shell Infotech\\backend\\dist\\controllers\\userController.js","statementMap":{"0":{"start":{"line":2,"column":16},"end":{"line":10,"column":1}},"1":{"start":{"line":3,"column":28},"end":{"line":3,"column":110}},"2":{"start":{"line":3,"column":91},"end":{"line":3,"column":106}},"3":{"start":{"line":4,"column":4},"end":{"line":9,"column":7}},"4":{"start":{"line":5,"column":36},"end":{"line":5,"column":97}},"5":{"start":{"line":5,"column":42},"end":{"line":5,"column":70}},"6":{"start":{"line":5,"column":85},"end":{"line":5,"column":95}},"7":{"start":{"line":6,"column":35},"end":{"line":6,"column":100}},"8":{"start":{"line":6,"column":41},"end":{"line":6,"column":73}},"9":{"start":{"line":6,"column":88},"end":{"line":6,"column":98}},"10":{"start":{"line":7,"column":32},"end":{"line":7,"column":116}},"11":{"start":{"line":8,"column":8},"end":{"line":8,"column":78}},"12":{"start":{"line":11,"column":0},"end":{"line":11,"column":62}},"13":{"start":{"line":12,"column":0},"end":{"line":12,"column":196}},"14":{"start":{"line":13,"column":22},"end":{"line":13,"column":56}},"15":{"start":{"line":15,"column":4},"end":{"line":37,"column":7}},"16":{"start":{"line":16,"column":46},"end":{"line":16,"column":54}},"17":{"start":{"line":17,"column":8},"end":{"line":36,"column":9}},"18":{"start":{"line":18,"column":25},"end":{"line":18,"column":94}},"19":{"start":{"line":19,"column":12},"end":{"line":30,"column":13}},"20":{"start":{"line":20,"column":16},"end":{"line":23,"column":19}},"21":{"start":{"line":26,"column":16},"end":{"line":29,"column":19}},"22":{"start":{"line":33,"column":12},"end":{"line":35,"column":15}},"23":{"start":{"line":39,"column":0},"end":{"line":39,"column":52}},"24":{"start":{"line":41,"column":4},"end":{"line":54,"column":7}},"25":{"start":{"line":42,"column":8},"end":{"line":53,"column":9}},"26":{"start":{"line":43,"column":26},"end":{"line":43,"column":70}},"27":{"start":{"line":44,"column":12},"end":{"line":47,"column":15}},"28":{"start":{"line":50,"column":12},"end":{"line":52,"column":15}},"29":{"start":{"line":56,"column":0},"end":{"line":56,"column":52}},"30":{"start":{"line":58,"column":4},"end":{"line":81,"column":7}},"31":{"start":{"line":59,"column":23},"end":{"line":59,"column":36}},"32":{"start":{"line":60,"column":8},"end":{"line":80,"column":9}},"33":{"start":{"line":61,"column":25},"end":{"line":61,"column":82}},"34":{"start":{"line":62,"column":12},"end":{"line":62,"column":37}},"35":{"start":{"line":63,"column":12},"end":{"line":73,"column":13}},"36":{"start":{"line":64,"column":16},"end":{"line":67,"column":19}},"37":{"start":{"line":70,"column":16},"end":{"line":72,"column":19}},"38":{"start":{"line":77,"column":12},"end":{"line":79,"column":15}},"39":{"start":{"line":83,"column":0},"end":{"line":83,"column":54}},"40":{"start":{"line":85,"column":4},"end":{"line":106,"column":7}},"41":{"start":{"line":86,"column":46},"end":{"line":86,"column":54}},"42":{"start":{"line":87,"column":23},"end":{"line":87,"column":46}},"43":{"start":{"line":88,"column":8},"end":{"line":105,"column":9}},"44":{"start":{"line":89,"column":25},"end":{"line":89,"column":102}},"45":{"start":{"line":90,"column":12},"end":{"line":99,"column":13}},"46":{"start":{"line":91,"column":16},"end":{"line":93,"column":19}},"47":{"start":{"line":96,"column":16},"end":{"line":98,"column":19}},"48":{"start":{"line":102,"column":12},"end":{"line":104,"column":15}},"49":{"start":{"line":108,"column":0},"end":{"line":108,"column":52}},"50":{"start":{"line":110,"column":4},"end":{"line":130,"column":7}},"51":{"start":{"line":111,"column":23},"end":{"line":111,"column":46}},"52":{"start":{"line":112,"column":8},"end":{"line":129,"column":9}},"53":{"start":{"line":113,"column":25},"end":{"line":113,"column":75}},"54":{"start":{"line":114,"column":12},"end":{"line":123,"column":13}},"55":{"start":{"line":115,"column":16},"end":{"line":117,"column":19}},"56":{"start":{"line":120,"column":16},"end":{"line":122,"column":19}},"57":{"start":{"line":126,"column":12},"end":{"line":128,"column":15}},"58":{"start":{"line":132,"column":0},"end":{"line":132,"column":52}},"59":{"start":{"line":134,"column":4},"end":{"line":154,"column":7}},"60":{"start":{"line":135,"column":23},"end":{"line":135,"column":46}},"61":{"start":{"line":136,"column":8},"end":{"line":153,"column":9}},"62":{"start":{"line":137,"column":25},"end":{"line":137,"column":77}},"63":{"start":{"line":138,"column":12},"end":{"line":147,"column":13}},"64":{"start":{"line":139,"column":16},"end":{"line":141,"column":19}},"65":{"start":{"line":144,"column":16},"end":{"line":146,"column":19}},"66":{"start":{"line":150,"column":12},"end":{"line":152,"column":15}},"67":{"start":{"line":156,"column":0},"end":{"line":156,"column":56}}},"fnMap":{"0":{"name":"(anonymous_0)","decl":{"start":{"line":2,"column":44},"end":{"line":2,"column":45}},"loc":{"start":{"line":2,"column":89},"end":{"line":10,"column":1}},"line":2},"1":{"name":"adopt","decl":{"start":{"line":3,"column":13},"end":{"line":3,"column":18}},"loc":{"start":{"line":3,"column":26},"end":{"line":3,"column":112}},"line":3},"2":{"name":"(anonymous_2)","decl":{"start":{"line":3,"column":70},"end":{"line":3,"column":71}},"loc":{"start":{"line":3,"column":89},"end":{"line":3,"column":108}},"line":3},"3":{"name":"(anonymous_3)","decl":{"start":{"line":4,"column":36},"end":{"line":4,"column":37}},"loc":{"start":{"line":4,"column":63},"end":{"line":9,"column":5}},"line":4},"4":{"name":"fulfilled","decl":{"start":{"line":5,"column":17},"end":{"line":5,"column":26}},"loc":{"start":{"line":5,"column":34},"end":{"line":5,"column":99}},"line":5},"5":{"name":"rejected","decl":{"start":{"line":6,"column":17},"end":{"line":6,"column":25}},"loc":{"start":{"line":6,"column":33},"end":{"line":6,"column":102}},"line":6},"6":{"name":"step","decl":{"start":{"line":7,"column":17},"end":{"line":7,"column":21}},"loc":{"start":{"line":7,"column":30},"end":{"line":7,"column":118}},"line":7},"7":{"name":"createUserController","decl":{"start":{"line":14,"column":9},"end":{"line":14,"column":29}},"loc":{"start":{"line":14,"column":40},"end":{"line":38,"column":1}},"line":14},"8":{"name":"(anonymous_8)","decl":{"start":{"line":15,"column":43},"end":{"line":15,"column":44}},"loc":{"start":{"line":15,"column":56},"end":{"line":37,"column":5}},"line":15},"9":{"name":"getAllUserController","decl":{"start":{"line":40,"column":9},"end":{"line":40,"column":29}},"loc":{"start":{"line":40,"column":40},"end":{"line":55,"column":1}},"line":40},"10":{"name":"(anonymous_10)","decl":{"start":{"line":41,"column":43},"end":{"line":41,"column":44}},"loc":{"start":{"line":41,"column":56},"end":{"line":54,"column":5}},"line":41},"11":{"name":"getUserByIdController","decl":{"start":{"line":57,"column":9},"end":{"line":57,"column":30}},"loc":{"start":{"line":57,"column":41},"end":{"line":82,"column":1}},"line":57},"12":{"name":"(anonymous_12)","decl":{"start":{"line":58,"column":43},"end":{"line":58,"column":44}},"loc":{"start":{"line":58,"column":56},"end":{"line":81,"column":5}},"line":58},"13":{"name":"updateUserController","decl":{"start":{"line":84,"column":9},"end":{"line":84,"column":29}},"loc":{"start":{"line":84,"column":40},"end":{"line":107,"column":1}},"line":84},"14":{"name":"(anonymous_14)","decl":{"start":{"line":85,"column":43},"end":{"line":85,"column":44}},"loc":{"start":{"line":85,"column":56},"end":{"line":106,"column":5}},"line":85},"15":{"name":"deleteUserController","decl":{"start":{"line":109,"column":9},"end":{"line":109,"column":29}},"loc":{"start":{"line":109,"column":40},"end":{"line":131,"column":1}},"line":109},"16":{"name":"(anonymous_16)","decl":{"start":{"line":110,"column":43},"end":{"line":110,"column":44}},"loc":{"start":{"line":110,"column":56},"end":{"line":130,"column":5}},"line":110},"17":{"name":"undeleteUserController","decl":{"start":{"line":133,"column":9},"end":{"line":133,"column":31}},"loc":{"start":{"line":133,"column":42},"end":{"line":155,"column":1}},"line":133},"18":{"name":"(anonymous_18)","decl":{"start":{"line":134,"column":43},"end":{"line":134,"column":44}},"loc":{"start":{"line":134,"column":56},"end":{"line":154,"column":5}},"line":134}},"branchMap":{"0":{"loc":{"start":{"line":2,"column":16},"end":{"line":10,"column":1}},"type":"binary-expr","locations":[{"start":{"line":2,"column":17},"end":{"line":2,"column":21}},{"start":{"line":2,"column":25},"end":{"line":2,"column":39}},{"start":{"line":2,"column":44},"end":{"line":10,"column":1}}],"line":2},"1":{"loc":{"start":{"line":3,"column":35},"end":{"line":3,"column":109}},"type":"cond-expr","locations":[{"start":{"line":3,"column":56},"end":{"line":3,"column":61}},{"start":{"line":3,"column":64},"end":{"line":3,"column":109}}],"line":3},"2":{"loc":{"start":{"line":4,"column":16},"end":{"line":4,"column":34}},"type":"binary-expr","locations":[{"start":{"line":4,"column":16},"end":{"line":4,"column":17}},{"start":{"line":4,"column":22},"end":{"line":4,"column":33}}],"line":4},"3":{"loc":{"start":{"line":7,"column":32},"end":{"line":7,"column":115}},"type":"cond-expr","locations":[{"start":{"line":7,"column":46},"end":{"line":7,"column":67}},{"start":{"line":7,"column":70},"end":{"line":7,"column":115}}],"line":7},"4":{"loc":{"start":{"line":8,"column":51},"end":{"line":8,"column":67}},"type":"binary-expr","locations":[{"start":{"line":8,"column":51},"end":{"line":8,"column":61}},{"start":{"line":8,"column":65},"end":{"line":8,"column":67}}],"line":8},"5":{"loc":{"start":{"line":19,"column":12},"end":{"line":30,"column":13}},"type":"if","locations":[{"start":{"line":19,"column":12},"end":{"line":30,"column":13}},{"start":{"line":25,"column":17},"end":{"line":30,"column":13}}],"line":19},"6":{"loc":{"start":{"line":63,"column":12},"end":{"line":73,"column":13}},"type":"if","locations":[{"start":{"line":63,"column":12},"end":{"line":73,"column":13}},{"start":{"line":69,"column":17},"end":{"line":73,"column":13}}],"line":63},"7":{"loc":{"start":{"line":90,"column":12},"end":{"line":99,"column":13}},"type":"if","locations":[{"start":{"line":90,"column":12},"end":{"line":99,"column":13}},{"start":{"line":95,"column":17},"end":{"line":99,"column":13}}],"line":90},"8":{"loc":{"start":{"line":114,"column":12},"end":{"line":123,"column":13}},"type":"if","locations":[{"start":{"line":114,"column":12},"end":{"line":123,"column":13}},{"start":{"line":119,"column":17},"end":{"line":123,"column":13}}],"line":114},"9":{"loc":{"start":{"line":138,"column":12},"end":{"line":147,"column":13}},"type":"if","locations":[{"start":{"line":138,"column":12},"end":{"line":147,"column":13}},{"start":{"line":143,"column":17},"end":{"line":147,"column":13}}],"line":138}},"s":{"0":6,"1":17,"2":0,"3":17,"4":11,"5":11,"6":0,"7":6,"8":6,"9":0,"10":34,"11":17,"12":6,"13":6,"14":6,"15":3,"16":3,"17":3,"18":3,"19":2,"20":1,"21":1,"22":1,"23":6,"24":2,"25":2,"26":2,"27":1,"28":1,"29":6,"30":3,"31":3,"32":3,"33":3,"34":2,"35":2,"36":1,"37":1,"38":1,"39":6,"40":3,"41":3,"42":3,"43":3,"44":3,"45":2,"46":1,"47":1,"48":1,"49":6,"50":3,"51":3,"52":3,"53":3,"54":2,"55":1,"56":1,"57":1,"58":6,"59":3,"60":3,"61":3,"62":3,"63":2,"64":1,"65":1,"66":1,"67":6},"f":{"0":17,"1":17,"2":0,"3":17,"4":11,"5":6,"6":34,"7":3,"8":3,"9":2,"10":2,"11":3,"12":3,"13":3,"14":3,"15":3,"16":3,"17":3,"18":3},"b":{"0":[6,6,6],"1":[17,0],"2":[17,17],"3":[17,17],"4":[17,17],"5":[1,1],"6":[1,1],"7":[1,1],"8":[1,1],"9":[1,1]},"inputSourceMap":null,"_coverageSchema":"1a1c01bbd47fc00a2c39e90264f33305004495a9","hash":"0dcf7f3844b9a997d0c086c9bb87c7322bc386ee"}
,"B:\\Works\\Interview\\Shell Infotech\\backend\\dist\\dataAccessObject\\userDao.js": {"path":"B:\\Works\\Interview\\Shell Infotech\\backend\\dist\\dataAccessObject\\userDao.js","statementMap":{"0":{"start":{"line":2,"column":16},"end":{"line":10,"column":1}},"1":{"start":{"line":3,"column":28},"end":{"line":3,"column":110}},"2":{"start":{"line":3,"column":91},"end":{"line":3,"column":106}},"3":{"start":{"line":4,"column":4},"end":{"line":9,"column":7}},"4":{"start":{"line":5,"column":36},"end":{"line":5,"column":97}},"5":{"start":{"line":5,"column":42},"end":{"line":5,"column":70}},"6":{"start":{"line":5,"column":85},"end":{"line":5,"column":95}},"7":{"start":{"line":6,"column":35},"end":{"line":6,"column":100}},"8":{"start":{"line":6,"column":41},"end":{"line":6,"column":73}},"9":{"start":{"line":6,"column":88},"end":{"line":6,"column":98}},"10":{"start":{"line":7,"column":32},"end":{"line":7,"column":116}},"11":{"start":{"line":8,"column":8},"end":{"line":8,"column":78}},"12":{"start":{"line":11,"column":22},"end":{"line":13,"column":1}},"13":{"start":{"line":12,"column":4},"end":{"line":12,"column":62}},"14":{"start":{"line":14,"column":0},"end":{"line":14,"column":62}},"15":{"start":{"line":15,"column":0},"end":{"line":15,"column":150}},"16":{"start":{"line":16,"column":20},"end":{"line":16,"column":67}},"17":{"start":{"line":18,"column":4},"end":{"line":34,"column":7}},"18":{"start":{"line":19,"column":28},"end":{"line":19,"column":38}},"19":{"start":{"line":20,"column":8},"end":{"line":33,"column":9}},"20":{"start":{"line":21,"column":25},"end":{"line":28,"column":14}},"21":{"start":{"line":29,"column":12},"end":{"line":29,"column":24}},"22":{"start":{"line":32,"column":12},"end":{"line":32,"column":77}},"23":{"start":{"line":36,"column":0},"end":{"line":36,"column":38}},"24":{"start":{"line":38,"column":4},"end":{"line":53,"column":7}},"25":{"start":{"line":39,"column":8},"end":{"line":52,"column":9}},"26":{"start":{"line":40,"column":26},"end":{"line":47,"column":14}},"27":{"start":{"line":48,"column":12},"end":{"line":48,"column":25}},"28":{"start":{"line":51,"column":12},"end":{"line":51,"column":77}},"29":{"start":{"line":55,"column":0},"end":{"line":55,"column":38}},"30":{"start":{"line":57,"column":4},"end":{"line":70,"column":7}},"31":{"start":{"line":58,"column":8},"end":{"line":69,"column":9}},"32":{"start":{"line":59,"column":25},"end":{"line":64,"column":14}},"33":{"start":{"line":65,"column":12},"end":{"line":65,"column":24}},"34":{"start":{"line":68,"column":12},"end":{"line":68,"column":77}},"35":{"start":{"line":72,"column":0},"end":{"line":72,"column":32}},"36":{"start":{"line":74,"column":4},"end":{"line":100,"column":7}},"37":{"start":{"line":75,"column":28},"end":{"line":75,"column":38}},"38":{"start":{"line":76,"column":8},"end":{"line":99,"column":9}},"39":{"start":{"line":77,"column":27},"end":{"line":88,"column":14}},"40":{"start":{"line":89,"column":12},"end":{"line":95,"column":13}},"41":{"start":{"line":90,"column":29},"end":{"line":90,"column":41}},"42":{"start":{"line":91,"column":16},"end":{"line":91,"column":28}},"43":{"start":{"line":94,"column":16},"end":{"line":94,"column":51}},"44":{"start":{"line":98,"column":12},"end":{"line":98,"column":77}},"45":{"start":{"line":102,"column":0},"end":{"line":102,"column":38}},"46":{"start":{"line":104,"column":4},"end":{"line":126,"column":7}},"47":{"start":{"line":105,"column":28},"end":{"line":105,"column":38}},"48":{"start":{"line":106,"column":8},"end":{"line":125,"column":9}},"49":{"start":{"line":107,"column":35},"end":{"line":115,"column":14}},"50":{"start":{"line":116,"column":12},"end":{"line":121,"column":13}},"51":{"start":{"line":117,"column":16},"end":{"line":117,"column":65}},"52":{"start":{"line":120,"column":16},"end":{"line":120,"column":51}},"53":{"start":{"line":124,"column":12},"end":{"line":124,"column":77}},"54":{"start":{"line":128,"column":0},"end":{"line":128,"column":38}},"55":{"start":{"line":130,"column":4},"end":{"line":152,"column":7}},"56":{"start":{"line":131,"column":28},"end":{"line":131,"column":38}},"57":{"start":{"line":132,"column":8},"end":{"line":151,"column":9}},"58":{"start":{"line":133,"column":35},"end":{"line":141,"column":14}},"59":{"start":{"line":142,"column":12},"end":{"line":147,"column":13}},"60":{"start":{"line":143,"column":16},"end":{"line":143,"column":65}},"61":{"start":{"line":146,"column":16},"end":{"line":146,"column":53}},"62":{"start":{"line":150,"column":12},"end":{"line":150,"column":77}},"63":{"start":{"line":154,"column":0},"end":{"line":154,"column":42}}},"fnMap":{"0":{"name":"(anonymous_0)","decl":{"start":{"line":2,"column":44},"end":{"line":2,"column":45}},"loc":{"start":{"line":2,"column":89},"end":{"line":10,"column":1}},"line":2},"1":{"name":"adopt","decl":{"start":{"line":3,"column":13},"end":{"line":3,"column":18}},"loc":{"start":{"line":3,"column":26},"end":{"line":3,"column":112}},"line":3},"2":{"name":"(anonymous_2)","decl":{"start":{"line":3,"column":70},"end":{"line":3,"column":71}},"loc":{"start":{"line":3,"column":89},"end":{"line":3,"column":108}},"line":3},"3":{"name":"(anonymous_3)","decl":{"start":{"line":4,"column":36},"end":{"line":4,"column":37}},"loc":{"start":{"line":4,"column":63},"end":{"line":9,"column":5}},"line":4},"4":{"name":"fulfilled","decl":{"start":{"line":5,"column":17},"end":{"line":5,"column":26}},"loc":{"start":{"line":5,"column":34},"end":{"line":5,"column":99}},"line":5},"5":{"name":"rejected","decl":{"start":{"line":6,"column":17},"end":{"line":6,"column":25}},"loc":{"start":{"line":6,"column":33},"end":{"line":6,"column":102}},"line":6},"6":{"name":"step","decl":{"start":{"line":7,"column":17},"end":{"line":7,"column":21}},"loc":{"start":{"line":7,"column":30},"end":{"line":7,"column":118}},"line":7},"7":{"name":"(anonymous_7)","decl":{"start":{"line":11,"column":56},"end":{"line":11,"column":57}},"loc":{"start":{"line":11,"column":71},"end":{"line":13,"column":1}},"line":11},"8":{"name":"createUserDao","decl":{"start":{"line":17,"column":9},"end":{"line":17,"column":22}},"loc":{"start":{"line":17,"column":50},"end":{"line":35,"column":1}},"line":17},"9":{"name":"(anonymous_9)","decl":{"start":{"line":18,"column":43},"end":{"line":18,"column":44}},"loc":{"start":{"line":18,"column":56},"end":{"line":34,"column":5}},"line":18},"10":{"name":"getAllUserDao","decl":{"start":{"line":37,"column":9},"end":{"line":37,"column":22}},"loc":{"start":{"line":37,"column":25},"end":{"line":54,"column":1}},"line":37},"11":{"name":"(anonymous_11)","decl":{"start":{"line":38,"column":43},"end":{"line":38,"column":44}},"loc":{"start":{"line":38,"column":56},"end":{"line":53,"column":5}},"line":38},"12":{"name":"getUserDao","decl":{"start":{"line":56,"column":9},"end":{"line":56,"column":19}},"loc":{"start":{"line":56,"column":28},"end":{"line":71,"column":1}},"line":56},"13":{"name":"(anonymous_13)","decl":{"start":{"line":57,"column":43},"end":{"line":57,"column":44}},"loc":{"start":{"line":57,"column":56},"end":{"line":70,"column":5}},"line":57},"14":{"name":"updateUserDao","decl":{"start":{"line":73,"column":9},"end":{"line":73,"column":22}},"loc":{"start":{"line":73,"column":58},"end":{"line":101,"column":1}},"line":73},"15":{"name":"(anonymous_15)","decl":{"start":{"line":74,"column":43},"end":{"line":74,"column":44}},"loc":{"start":{"line":74,"column":56},"end":{"line":100,"column":5}},"line":74},"16":{"name":"deleteUserDao","decl":{"start":{"line":103,"column":9},"end":{"line":103,"column":22}},"loc":{"start":{"line":103,"column":31},"end":{"line":127,"column":1}},"line":103},"17":{"name":"(anonymous_17)","decl":{"start":{"line":104,"column":43},"end":{"line":104,"column":44}},"loc":{"start":{"line":104,"column":56},"end":{"line":126,"column":5}},"line":104},"18":{"name":"undeleteUserDao","decl":{"start":{"line":129,"column":9},"end":{"line":129,"column":24}},"loc":{"start":{"line":129,"column":33},"end":{"line":153,"column":1}},"line":129},"19":{"name":"(anonymous_19)","decl":{"start":{"line":130,"column":43},"end":{"line":130,"column":44}},"loc":{"start":{"line":130,"column":56},"end":{"line":152,"column":5}},"line":130}},"branchMap":{"0":{"loc":{"start":{"line":2,"column":16},"end":{"line":10,"column":1}},"type":"binary-expr","locations":[{"start":{"line":2,"column":17},"end":{"line":2,"column":21}},{"start":{"line":2,"column":25},"end":{"line":2,"column":39}},{"start":{"line":2,"column":44},"end":{"line":10,"column":1}}],"line":2},"1":{"loc":{"start":{"line":3,"column":35},"end":{"line":3,"column":109}},"type":"cond-expr","locations":[{"start":{"line":3,"column":56},"end":{"line":3,"column":61}},{"start":{"line":3,"column":64},"end":{"line":3,"column":109}}],"line":3},"2":{"loc":{"start":{"line":4,"column":16},"end":{"line":4,"column":34}},"type":"binary-expr","locations":[{"start":{"line":4,"column":16},"end":{"line":4,"column":17}},{"start":{"line":4,"column":22},"end":{"line":4,"column":33}}],"line":4},"3":{"loc":{"start":{"line":7,"column":32},"end":{"line":7,"column":115}},"type":"cond-expr","locations":[{"start":{"line":7,"column":46},"end":{"line":7,"column":67}},{"start":{"line":7,"column":70},"end":{"line":7,"column":115}}],"line":7},"4":{"loc":{"start":{"line":8,"column":51},"end":{"line":8,"column":67}},"type":"binary-expr","locations":[{"start":{"line":8,"column":51},"end":{"line":8,"column":61}},{"start":{"line":8,"column":65},"end":{"line":8,"column":67}}],"line":8},"5":{"loc":{"start":{"line":11,"column":22},"end":{"line":13,"column":1}},"type":"binary-expr","locations":[{"start":{"line":11,"column":23},"end":{"line":11,"column":27}},{"start":{"line":11,"column":31},"end":{"line":11,"column":51}},{"start":{"line":11,"column":56},"end":{"line":13,"column":1}}],"line":11},"6":{"loc":{"start":{"line":12,"column":11},"end":{"line":12,"column":61}},"type":"cond-expr","locations":[{"start":{"line":12,"column":37},"end":{"line":12,"column":40}},{"start":{"line":12,"column":43},"end":{"line":12,"column":61}}],"line":12},"7":{"loc":{"start":{"line":12,"column":12},"end":{"line":12,"column":33}},"type":"binary-expr","locations":[{"start":{"line":12,"column":12},"end":{"line":12,"column":15}},{"start":{"line":12,"column":19},"end":{"line":12,"column":33}}],"line":12},"8":{"loc":{"start":{"line":89,"column":12},"end":{"line":95,"column":13}},"type":"if","locations":[{"start":{"line":89,"column":12},"end":{"line":95,"column":13}},{"start":{"line":93,"column":17},"end":{"line":95,"column":13}}],"line":89},"9":{"loc":{"start":{"line":89,"column":16},"end":{"line":89,"column":92}},"type":"binary-expr","locations":[{"start":{"line":89,"column":16},"end":{"line":89,"column":22}},{"start":{"line":89,"column":26},"end":{"line":89,"column":47}},{"start":{"line":89,"column":51},"end":{"line":89,"column":68}},{"start":{"line":89,"column":72},"end":{"line":89,"column":92}}],"line":89},"10":{"loc":{"start":{"line":116,"column":12},"end":{"line":121,"column":13}},"type":"if","locations":[{"start":{"line":116,"column":12},"end":{"line":121,"column":13}},{"start":{"line":119,"column":17},"end":{"line":121,"column":13}}],"line":116},"11":{"loc":{"start":{"line":142,"column":12},"end":{"line":147,"column":13}},"type":"if","locations":[{"start":{"line":142,"column":12},"end":{"line":147,"column":13}},{"start":{"line":145,"column":17},"end":{"line":147,"column":13}}],"line":142}},"s":{"0":12,"1":15,"2":0,"3":15,"4":9,"5":9,"6":3,"7":6,"8":6,"9":6,"10":21,"11":15,"12":12,"13":12,"14":12,"15":12,"16":12,"17":2,"18":2,"19":2,"20":2,"21":1,"22":1,"23":12,"24":2,"25":2,"26":2,"27":1,"28":1,"29":12,"30":2,"31":2,"32":2,"33":1,"34":1,"35":12,"36":3,"37":3,"38":3,"39":3,"40":2,"41":1,"42":1,"43":1,"44":2,"45":12,"46":3,"47":3,"48":3,"49":3,"50":2,"51":1,"52":1,"53":2,"54":12,"55":3,"56":3,"57":3,"58":3,"59":2,"60":1,"61":1,"62":2,"63":12},"f":{"0":15,"1":15,"2":0,"3":15,"4":9,"5":6,"6":21,"7":12,"8":2,"9":2,"10":2,"11":2,"12":2,"13":2,"14":3,"15":3,"16":3,"17":3,"18":3,"19":3},"b":{"0":[12,12,12],"1":[15,0],"2":[15,15],"3":[6,15],"4":[15,15],"5":[12,12,12],"6":[12,0],"7":[12,12],"8":[1,1],"9":[2,2,2,2],"10":[1,1],"11":[1,1]},"inputSourceMap":null,"_coverageSchema":"1a1c01bbd47fc00a2c39e90264f33305004495a9","hash":"0cf3b977e6e6305aff4b4c2f3651ce4076621146"}
,"B:\\Works\\Interview\\Shell Infotech\\backend\\dist\\middlewares\\database.js": {"path":"B:\\Works\\Interview\\Shell Infotech\\backend\\dist\\middlewares\\database.js","statementMap":{"0":{"start":{"line":2,"column":0},"end":{"line":2,"column":62}},"1":{"start":{"line":3,"column":0},"end":{"line":3,"column":46}},"2":{"start":{"line":4,"column":20},"end":{"line":4,"column":40}},"3":{"start":{"line":5,"column":20},"end":{"line":5,"column":50}},"4":{"start":{"line":7,"column":14},"end":{"line":7,"column":99}},"5":{"start":{"line":9,"column":18},"end":{"line":12,"column":2}},"6":{"start":{"line":13,"column":0},"end":{"line":13,"column":30}},"7":{"start":{"line":15,"column":17},"end":{"line":18,"column":1}},"8":{"start":{"line":16,"column":4},"end":{"line":16,"column":30}},"9":{"start":{"line":17,"column":4},"end":{"line":17,"column":11}},"10":{"start":{"line":19,"column":0},"end":{"line":19,"column":28}}},"fnMap":{"0":{"name":"(anonymous_0)","decl":{"start":{"line":15,"column":17},"end":{"line":15,"column":18}},"loc":{"start":{"line":15,"column":37},"end":{"line":18,"column":1}},"line":15}},"branchMap":{"0":{"loc":{"start":{"line":7,"column":14},"end":{"line":7,"column":99}},"type":"binary-expr","locations":[{"start":{"line":7,"column":14},"end":{"line":7,"column":38}},{"start":{"line":7,"column":42},"end":{"line":7,"column":99}}],"line":7}},"s":{"0":12,"1":12,"2":12,"3":12,"4":12,"5":12,"6":12,"7":12,"8":0,"9":0,"10":12},"f":{"0":0},"b":{"0":[12,0]},"inputSourceMap":null,"_coverageSchema":"1a1c01bbd47fc00a2c39e90264f33305004495a9","hash":"99af85255bb6b710a6e919694fdf0043910e9c2d"}
,"B:\\Works\\Interview\\Shell Infotech\\backend\\dist\\models\\userModel.js": {"path":"B:\\Works\\Interview\\Shell Infotech\\backend\\dist\\models\\userModel.js","statementMap":{"0":{"start":{"line":2,"column":16},"end":{"line":10,"column":1}},"1":{"start":{"line":3,"column":28},"end":{"line":3,"column":110}},"2":{"start":{"line":3,"column":91},"end":{"line":3,"column":106}},"3":{"start":{"line":4,"column":4},"end":{"line":9,"column":7}},"4":{"start":{"line":5,"column":36},"end":{"line":5,"column":97}},"5":{"start":{"line":5,"column":42},"end":{"line":5,"column":70}},"6":{"start":{"line":5,"column":85},"end":{"line":5,"column":95}},"7":{"start":{"line":6,"column":35},"end":{"line":6,"column":100}},"8":{"start":{"line":6,"column":41},"end":{"line":6,"column":73}},"9":{"start":{"line":6,"column":88},"end":{"line":6,"column":98}},"10":{"start":{"line":7,"column":32},"end":{"line":7,"column":116}},"11":{"start":{"line":8,"column":8},"end":{"line":8,"column":78}},"12":{"start":{"line":11,"column":0},"end":{"line":11,"column":62}},"13":{"start":{"line":12,"column":20},"end":{"line":12,"column":40}},"14":{"start":{"line":13,"column":19},"end":{"line":13,"column":53}},"15":{"start":{"line":17,"column":8},"end":{"line":22,"column":11}},"16":{"start":{"line":18,"column":33},"end":{"line":18,"column":87}},"17":{"start":{"line":19,"column":12},"end":{"line":21,"column":13}},"18":{"start":{"line":20,"column":16},"end":{"line":20,"column":56}},"19":{"start":{"line":25,"column":0},"end":{"line":71,"column":3}},"20":{"start":{"line":41,"column":16},"end":{"line":46,"column":19}},"21":{"start":{"line":42,"column":44},"end":{"line":42,"column":81}},"22":{"start":{"line":43,"column":20},"end":{"line":45,"column":21}},"23":{"start":{"line":44,"column":24},"end":{"line":44,"column":57}},"24":{"start":{"line":72,"column":0},"end":{"line":72,"column":23}}},"fnMap":{"0":{"name":"(anonymous_0)","decl":{"start":{"line":2,"column":44},"end":{"line":2,"column":45}},"loc":{"start":{"line":2,"column":89},"end":{"line":10,"column":1}},"line":2},"1":{"name":"adopt","decl":{"start":{"line":3,"column":13},"end":{"line":3,"column":18}},"loc":{"start":{"line":3,"column":26},"end":{"line":3,"column":112}},"line":3},"2":{"name":"(anonymous_2)","decl":{"start":{"line":3,"column":70},"end":{"line":3,"column":71}},"loc":{"start":{"line":3,"column":89},"end":{"line":3,"column":108}},"line":3},"3":{"name":"(anonymous_3)","decl":{"start":{"line":4,"column":36},"end":{"line":4,"column":37}},"loc":{"start":{"line":4,"column":63},"end":{"line":9,"column":5}},"line":4},"4":{"name":"fulfilled","decl":{"start":{"line":5,"column":17},"end":{"line":5,"column":26}},"loc":{"start":{"line":5,"column":34},"end":{"line":5,"column":99}},"line":5},"5":{"name":"rejected","decl":{"start":{"line":6,"column":17},"end":{"line":6,"column":25}},"loc":{"start":{"line":6,"column":33},"end":{"line":6,"column":102}},"line":6},"6":{"name":"step","decl":{"start":{"line":7,"column":17},"end":{"line":7,"column":21}},"loc":{"start":{"line":7,"column":30},"end":{"line":7,"column":118}},"line":7},"7":{"name":"(anonymous_7)","decl":{"start":{"line":16,"column":4},"end":{"line":16,"column":5}},"loc":{"start":{"line":16,"column":31},"end":{"line":23,"column":5}},"line":16},"8":{"name":"(anonymous_8)","decl":{"start":{"line":17,"column":47},"end":{"line":17,"column":48}},"loc":{"start":{"line":17,"column":60},"end":{"line":22,"column":9}},"line":17},"9":{"name":"(anonymous_9)","decl":{"start":{"line":40,"column":22},"end":{"line":40,"column":23}},"loc":{"start":{"line":40,"column":42},"end":{"line":47,"column":13}},"line":40},"10":{"name":"(anonymous_10)","decl":{"start":{"line":41,"column":55},"end":{"line":41,"column":56}},"loc":{"start":{"line":41,"column":68},"end":{"line":46,"column":17}},"line":41}},"branchMap":{"0":{"loc":{"start":{"line":2,"column":16},"end":{"line":10,"column":1}},"type":"binary-expr","locations":[{"start":{"line":2,"column":17},"end":{"line":2,"column":21}},{"start":{"line":2,"column":25},"end":{"line":2,"column":39}},{"start":{"line":2,"column":44},"end":{"line":10,"column":1}}],"line":2},"1":{"loc":{"start":{"line":3,"column":35},"end":{"line":3,"column":109}},"type":"cond-expr","locations":[{"start":{"line":3,"column":56},"end":{"line":3,"column":61}},{"start":{"line":3,"column":64},"end":{"line":3,"column":109}}],"line":3},"2":{"loc":{"start":{"line":4,"column":16},"end":{"line":4,"column":34}},"type":"binary-expr","locations":[{"start":{"line":4,"column":16},"end":{"line":4,"column":17}},{"start":{"line":4,"column":22},"end":{"line":4,"column":33}}],"line":4},"3":{"loc":{"start":{"line":7,"column":32},"end":{"line":7,"column":115}},"type":"cond-expr","locations":[{"start":{"line":7,"column":46},"end":{"line":7,"column":67}},{"start":{"line":7,"column":70},"end":{"line":7,"column":115}}],"line":7},"4":{"loc":{"start":{"line":8,"column":51},"end":{"line":8,"column":67}},"type":"binary-expr","locations":[{"start":{"line":8,"column":51},"end":{"line":8,"column":61}},{"start":{"line":8,"column":65},"end":{"line":8,"column":67}}],"line":8},"5":{"loc":{"start":{"line":19,"column":12},"end":{"line":21,"column":13}},"type":"if","locations":[{"start":{"line":19,"column":12},"end":{"line":21,"column":13}},{"start":{},"end":{}}],"line":19},"6":{"loc":{"start":{"line":43,"column":20},"end":{"line":45,"column":21}},"type":"if","locations":[{"start":{"line":43,"column":20},"end":{"line":45,"column":21}},{"start":{},"end":{}}],"line":43}},"s":{"0":12,"1":0,"2":0,"3":0,"4":0,"5":0,"6":0,"7":0,"8":0,"9":0,"10":0,"11":0,"12":12,"13":12,"14":12,"15":0,"16":0,"17":0,"18":0,"19":12,"20":0,"21":0,"22":0,"23":0,"24":12},"f":{"0":0,"1":0,"2":0,"3":0,"4":0,"5":0,"6":0,"7":0,"8":0,"9":0,"10":0},"b":{"0":[12,12,12],"1":[0,0],"2":[0,0],"3":[0,0],"4":[0,0],"5":[0,0],"6":[0,0]},"inputSourceMap":null,"_coverageSchema":"1a1c01bbd47fc00a2c39e90264f33305004495a9","hash":"b0b0e0a1e0b5f0f90dd48e867b9c39babc709378"}
,"B:\\Works\\Interview\\Shell Infotech\\backend\\dist\\services\\userService.js": {"path":"B:\\Works\\Interview\\Shell Infotech\\backend\\dist\\services\\userService.js","statementMap":{"0":{"start":{"line":2,"column":16},"end":{"line":10,"column":1}},"1":{"start":{"line":3,"column":28},"end":{"line":3,"column":110}},"2":{"start":{"line":3,"column":91},"end":{"line":3,"column":106}},"3":{"start":{"line":4,"column":4},"end":{"line":9,"column":7}},"4":{"start":{"line":5,"column":36},"end":{"line":5,"column":97}},"5":{"start":{"line":5,"column":42},"end":{"line":5,"column":70}},"6":{"start":{"line":5,"column":85},"end":{"line":5,"column":95}},"7":{"start":{"line":6,"column":35},"end":{"line":6,"column":100}},"8":{"start":{"line":6,"column":41},"end":{"line":6,"column":73}},"9":{"start":{"line":6,"column":88},"end":{"line":6,"column":98}},"10":{"start":{"line":7,"column":32},"end":{"line":7,"column":116}},"11":{"start":{"line":8,"column":8},"end":{"line":8,"column":78}},"12":{"start":{"line":11,"column":22},"end":{"line":13,"column":1}},"13":{"start":{"line":12,"column":4},"end":{"line":12,"column":62}},"14":{"start":{"line":14,"column":0},"end":{"line":14,"column":62}},"15":{"start":{"line":15,"column":0},"end":{"line":15,"column":174}},"16":{"start":{"line":16,"column":17},"end":{"line":16,"column":51}},"17":{"start":{"line":17,"column":18},"end":{"line":17,"column":56}},"18":{"start":{"line":19,"column":4},"end":{"line":28,"column":7}},"19":{"start":{"line":20,"column":8},"end":{"line":27,"column":9}},"20":{"start":{"line":21,"column":35},"end":{"line":21,"column":76}},"21":{"start":{"line":22,"column":25},"end":{"line":22,"column":92}},"22":{"start":{"line":23,"column":12},"end":{"line":23,"column":24}},"23":{"start":{"line":26,"column":12},"end":{"line":26,"column":43}},"24":{"start":{"line":30,"column":0},"end":{"line":30,"column":46}},"25":{"start":{"line":32,"column":4},"end":{"line":40,"column":7}},"26":{"start":{"line":33,"column":8},"end":{"line":39,"column":9}},"27":{"start":{"line":34,"column":26},"end":{"line":34,"column":62}},"28":{"start":{"line":35,"column":12},"end":{"line":35,"column":25}},"29":{"start":{"line":38,"column":12},"end":{"line":38,"column":43}},"30":{"start":{"line":42,"column":0},"end":{"line":42,"column":46}},"31":{"start":{"line":44,"column":4},"end":{"line":52,"column":7}},"32":{"start":{"line":45,"column":8},"end":{"line":51,"column":9}},"33":{"start":{"line":46,"column":25},"end":{"line":46,"column":64}},"34":{"start":{"line":47,"column":12},"end":{"line":47,"column":24}},"35":{"start":{"line":50,"column":12},"end":{"line":50,"column":43}},"36":{"start":{"line":54,"column":0},"end":{"line":54,"column":40}},"37":{"start":{"line":56,"column":4},"end":{"line":69,"column":7}},"38":{"start":{"line":57,"column":8},"end":{"line":68,"column":9}},"39":{"start":{"line":59,"column":12},"end":{"line":62,"column":13}},"40":{"start":{"line":61,"column":16},"end":{"line":61,"column":75}},"41":{"start":{"line":63,"column":25},"end":{"line":63,"column":100}},"42":{"start":{"line":64,"column":12},"end":{"line":64,"column":24}},"43":{"start":{"line":67,"column":12},"end":{"line":67,"column":43}},"44":{"start":{"line":71,"column":0},"end":{"line":71,"column":46}},"45":{"start":{"line":73,"column":4},"end":{"line":81,"column":7}},"46":{"start":{"line":74,"column":8},"end":{"line":80,"column":9}},"47":{"start":{"line":75,"column":25},"end":{"line":75,"column":67}},"48":{"start":{"line":76,"column":12},"end":{"line":76,"column":24}},"49":{"start":{"line":79,"column":12},"end":{"line":79,"column":43}},"50":{"start":{"line":83,"column":0},"end":{"line":83,"column":46}},"51":{"start":{"line":85,"column":4},"end":{"line":93,"column":7}},"52":{"start":{"line":86,"column":8},"end":{"line":92,"column":9}},"53":{"start":{"line":87,"column":25},"end":{"line":87,"column":69}},"54":{"start":{"line":88,"column":12},"end":{"line":88,"column":24}},"55":{"start":{"line":91,"column":12},"end":{"line":91,"column":43}},"56":{"start":{"line":95,"column":0},"end":{"line":95,"column":50}}},"fnMap":{"0":{"name":"(anonymous_0)","decl":{"start":{"line":2,"column":44},"end":{"line":2,"column":45}},"loc":{"start":{"line":2,"column":89},"end":{"line":10,"column":1}},"line":2},"1":{"name":"adopt","decl":{"start":{"line":3,"column":13},"end":{"line":3,"column":18}},"loc":{"start":{"line":3,"column":26},"end":{"line":3,"column":112}},"line":3},"2":{"name":"(anonymous_2)","decl":{"start":{"line":3,"column":70},"end":{"line":3,"column":71}},"loc":{"start":{"line":3,"column":89},"end":{"line":3,"column":108}},"line":3},"3":{"name":"(anonymous_3)","decl":{"start":{"line":4,"column":36},"end":{"line":4,"column":37}},"loc":{"start":{"line":4,"column":63},"end":{"line":9,"column":5}},"line":4},"4":{"name":"fulfilled","decl":{"start":{"line":5,"column":17},"end":{"line":5,"column":26}},"loc":{"start":{"line":5,"column":34},"end":{"line":5,"column":99}},"line":5},"5":{"name":"rejected","decl":{"start":{"line":6,"column":17},"end":{"line":6,"column":25}},"loc":{"start":{"line":6,"column":33},"end":{"line":6,"column":102}},"line":6},"6":{"name":"step","decl":{"start":{"line":7,"column":17},"end":{"line":7,"column":21}},"loc":{"start":{"line":7,"column":30},"end":{"line":7,"column":118}},"line":7},"7":{"name":"(anonymous_7)","decl":{"start":{"line":11,"column":56},"end":{"line":11,"column":57}},"loc":{"start":{"line":11,"column":71},"end":{"line":13,"column":1}},"line":11},"8":{"name":"createUserService","decl":{"start":{"line":18,"column":9},"end":{"line":18,"column":26}},"loc":{"start":{"line":18,"column":54},"end":{"line":29,"column":1}},"line":18},"9":{"name":"(anonymous_9)","decl":{"start":{"line":19,"column":43},"end":{"line":19,"column":44}},"loc":{"start":{"line":19,"column":56},"end":{"line":28,"column":5}},"line":19},"10":{"name":"getAllUserService","decl":{"start":{"line":31,"column":9},"end":{"line":31,"column":26}},"loc":{"start":{"line":31,"column":29},"end":{"line":41,"column":1}},"line":31},"11":{"name":"(anonymous_11)","decl":{"start":{"line":32,"column":43},"end":{"line":32,"column":44}},"loc":{"start":{"line":32,"column":56},"end":{"line":40,"column":5}},"line":32},"12":{"name":"getUserService","decl":{"start":{"line":43,"column":9},"end":{"line":43,"column":23}},"loc":{"start":{"line":43,"column":32},"end":{"line":53,"column":1}},"line":43},"13":{"name":"(anonymous_13)","decl":{"start":{"line":44,"column":43},"end":{"line":44,"column":44}},"loc":{"start":{"line":44,"column":56},"end":{"line":52,"column":5}},"line":44},"14":{"name":"updateUserService","decl":{"start":{"line":55,"column":9},"end":{"line":55,"column":26}},"loc":{"start":{"line":55,"column":62},"end":{"line":70,"column":1}},"line":55},"15":{"name":"(anonymous_15)","decl":{"start":{"line":56,"column":43},"end":{"line":56,"column":44}},"loc":{"start":{"line":56,"column":56},"end":{"line":69,"column":5}},"line":56},"16":{"name":"deleteUserService","decl":{"start":{"line":72,"column":9},"end":{"line":72,"column":26}},"loc":{"start":{"line":72,"column":35},"end":{"line":82,"column":1}},"line":72},"17":{"name":"(anonymous_17)","decl":{"start":{"line":73,"column":43},"end":{"line":73,"column":44}},"loc":{"start":{"line":73,"column":56},"end":{"line":81,"column":5}},"line":73},"18":{"name":"undeleteUserService","decl":{"start":{"line":84,"column":9},"end":{"line":84,"column":28}},"loc":{"start":{"line":84,"column":37},"end":{"line":94,"column":1}},"line":84},"19":{"name":"(anonymous_19)","decl":{"start":{"line":85,"column":43},"end":{"line":85,"column":44}},"loc":{"start":{"line":85,"column":56},"end":{"line":93,"column":5}},"line":85}},"branchMap":{"0":{"loc":{"start":{"line":2,"column":16},"end":{"line":10,"column":1}},"type":"binary-expr","locations":[{"start":{"line":2,"column":17},"end":{"line":2,"column":21}},{"start":{"line":2,"column":25},"end":{"line":2,"column":39}},{"start":{"line":2,"column":44},"end":{"line":10,"column":1}}],"line":2},"1":{"loc":{"start":{"line":3,"column":35},"end":{"line":3,"column":109}},"type":"cond-expr","locations":[{"start":{"line":3,"column":56},"end":{"line":3,"column":61}},{"start":{"line":3,"column":64},"end":{"line":3,"column":109}}],"line":3},"2":{"loc":{"start":{"line":4,"column":16},"end":{"line":4,"column":34}},"type":"binary-expr","locations":[{"start":{"line":4,"column":16},"end":{"line":4,"column":17}},{"start":{"line":4,"column":22},"end":{"line":4,"column":33}}],"line":4},"3":{"loc":{"start":{"line":7,"column":32},"end":{"line":7,"column":115}},"type":"cond-expr","locations":[{"start":{"line":7,"column":46},"end":{"line":7,"column":67}},{"start":{"line":7,"column":70},"end":{"line":7,"column":115}}],"line":7},"4":{"loc":{"start":{"line":8,"column":51},"end":{"line":8,"column":67}},"type":"binary-expr","locations":[{"start":{"line":8,"column":51},"end":{"line":8,"column":61}},{"start":{"line":8,"column":65},"end":{"line":8,"column":67}}],"line":8},"5":{"loc":{"start":{"line":11,"column":22},"end":{"line":13,"column":1}},"type":"binary-expr","locations":[{"start":{"line":11,"column":23},"end":{"line":11,"column":27}},{"start":{"line":11,"column":31},"end":{"line":11,"column":51}},{"start":{"line":11,"column":56},"end":{"line":13,"column":1}}],"line":11},"6":{"loc":{"start":{"line":12,"column":11},"end":{"line":12,"column":61}},"type":"cond-expr","locations":[{"start":{"line":12,"column":37},"end":{"line":12,"column":40}},{"start":{"line":12,"column":43},"end":{"line":12,"column":61}}],"line":12},"7":{"loc":{"start":{"line":12,"column":12},"end":{"line":12,"column":33}},"type":"binary-expr","locations":[{"start":{"line":12,"column":12},"end":{"line":12,"column":15}},{"start":{"line":12,"column":19},"end":{"line":12,"column":33}}],"line":12},"8":{"loc":{"start":{"line":59,"column":12},"end":{"line":62,"column":13}},"type":"if","locations":[{"start":{"line":59,"column":12},"end":{"line":62,"column":13}},{"start":{},"end":{}}],"line":59}},"s":{"0":6,"1":0,"2":0,"3":0,"4":0,"5":0,"6":0,"7":0,"8":0,"9":0,"10":0,"11":0,"12":6,"13":6,"14":6,"15":6,"16":6,"17":6,"18":0,"19":0,"20":0,"21":0,"22":0,"23":0,"24":6,"25":0,"26":0,"27":0,"28":0,"29":0,"30":6,"31":0,"32":0,"33":0,"34":0,"35":0,"36":6,"37":0,"38":0,"39":0,"40":0,"41":0,"42":0,"43":0,"44":6,"45":0,"46":0,"47":0,"48":0,"49":0,"50":6,"51":0,"52":0,"53":0,"54":0,"55":0,"56":6},"f":{"0":0,"1":0,"2":0,"3":0,"4":0,"5":0,"6":0,"7":6,"8":0,"9":0,"10":0,"11":0,"12":0,"13":0,"14":0,"15":0,"16":0,"17":0,"18":0,"19":0},"b":{"0":[6,6,6],"1":[0,0],"2":[0,0],"3":[0,0],"4":[0,0],"5":[6,6,6],"6":[0,6],"7":[6,6],"8":[0,0]},"inputSourceMap":null,"_coverageSchema":"1a1c01bbd47fc00a2c39e90264f33305004495a9","hash":"b99e6884638e29751577f2ca3445a9bb8493f6f0"}
,"B:\\Works\\Interview\\Shell Infotech\\backend\\src\\config\\constants.ts": {"path":"B:\\Works\\Interview\\Shell Infotech\\backend\\src\\config\\constants.ts","statementMap":{"0":{"start":{"line":1,"column":0},"end":{"line":1,"column":28}},"1":{"start":{"line":2,"column":0},"end":{"line":2,"column":16}},"2":{"start":{"line":4,"column":13},"end":{"line":4,"column":37}},"3":{"start":{"line":5,"column":13},"end":{"line":5,"column":53}},"4":{"start":{"line":6,"column":13},"end":{"line":6,"column":55}}},"fnMap":{},"branchMap":{},"s":{"0":12,"1":12,"2":12,"3":12,"4":12},"f":{},"b":{}}
,"B:\\Works\\Interview\\Shell Infotech\\backend\\src\\controllers\\userController.ts": {"path":"B:\\Works\\Interview\\Shell Infotech\\backend\\src\\controllers\\userController.ts","statementMap":{"0":{"start":{"line":3,"column":0},"end":{"line":3,"column":154}},"1":{"start":{"line":6,"column":40},"end":{"line":6,"column":48}},"2":{"start":{"line":8,"column":2},"end":{"line":26,"column":3}},"3":{"start":{"line":9,"column":17},"end":{"line":9,"column":67}},"4":{"start":{"line":11,"column":4},"end":{"line":21,"column":5}},"5":{"start":{"line":12,"column":6},"end":{"line":15,"column":9}},"6":{"start":{"line":17,"column":6},"end":{"line":20,"column":9}},"7":{"start":{"line":23,"column":4},"end":{"line":25,"column":7}},"8":{"start":{"line":132,"column":9},"end":{"line":132,"column":29}},"9":{"start":{"line":30,"column":2},"end":{"line":40,"column":3}},"10":{"start":{"line":31,"column":18},"end":{"line":31,"column":43}},"11":{"start":{"line":32,"column":4},"end":{"line":35,"column":7}},"12":{"start":{"line":37,"column":4},"end":{"line":39,"column":7}},"13":{"start":{"line":132,"column":31},"end":{"line":132,"column":51}},"14":{"start":{"line":44,"column":17},"end":{"line":44,"column":30}},"15":{"start":{"line":45,"column":2},"end":{"line":62,"column":3}},"16":{"start":{"line":46,"column":17},"end":{"line":46,"column":55}},"17":{"start":{"line":47,"column":4},"end":{"line":47,"column":null}},"18":{"start":{"line":48,"column":4},"end":{"line":57,"column":5}},"19":{"start":{"line":49,"column":6},"end":{"line":52,"column":9}},"20":{"start":{"line":54,"column":6},"end":{"line":56,"column":9}},"21":{"start":{"line":59,"column":4},"end":{"line":61,"column":7}},"22":{"start":{"line":132,"column":53},"end":{"line":132,"column":74}},"23":{"start":{"line":66,"column":40},"end":{"line":66,"column":48}},"24":{"start":{"line":67,"column":17},"end":{"line":67,"column":40}},"25":{"start":{"line":69,"column":2},"end":{"line":85,"column":3}},"26":{"start":{"line":70,"column":17},"end":{"line":70,"column":75}},"27":{"start":{"line":72,"column":4},"end":{"line":80,"column":5}},"28":{"start":{"line":73,"column":6},"end":{"line":75,"column":9}},"29":{"start":{"line":77,"column":6},"end":{"line":79,"column":9}},"30":{"start":{"line":82,"column":4},"end":{"line":84,"column":7}},"31":{"start":{"line":132,"column":76},"end":{"line":132,"column":96}},"32":{"start":{"line":89,"column":17},"end":{"line":89,"column":40}},"33":{"start":{"line":91,"column":2},"end":{"line":107,"column":3}},"34":{"start":{"line":92,"column":17},"end":{"line":92,"column":48}},"35":{"start":{"line":94,"column":4},"end":{"line":102,"column":5}},"36":{"start":{"line":95,"column":6},"end":{"line":97,"column":9}},"37":{"start":{"line":99,"column":6},"end":{"line":101,"column":9}},"38":{"start":{"line":104,"column":4},"end":{"line":106,"column":7}},"39":{"start":{"line":132,"column":98},"end":{"line":132,"column":118}},"40":{"start":{"line":111,"column":17},"end":{"line":111,"column":40}},"41":{"start":{"line":113,"column":2},"end":{"line":129,"column":3}},"42":{"start":{"line":114,"column":17},"end":{"line":114,"column":50}},"43":{"start":{"line":116,"column":4},"end":{"line":124,"column":5}},"44":{"start":{"line":117,"column":6},"end":{"line":119,"column":9}},"45":{"start":{"line":121,"column":6},"end":{"line":123,"column":9}},"46":{"start":{"line":126,"column":4},"end":{"line":128,"column":7}},"47":{"start":{"line":132,"column":120},"end":{"line":132,"column":142}}},"fnMap":{"0":{"name":"createUserController","decl":{"start":{"line":5,"column":15},"end":{"line":5,"column":35}},"loc":{"start":{"line":5,"column":63},"end":{"line":27,"column":null}}},"1":{"name":"getAllUserController","decl":{"start":{"line":29,"column":15},"end":{"line":29,"column":35}},"loc":{"start":{"line":29,"column":63},"end":{"line":41,"column":null}}},"2":{"name":"getUserByIdController","decl":{"start":{"line":43,"column":15},"end":{"line":43,"column":36}},"loc":{"start":{"line":43,"column":64},"end":{"line":63,"column":null}}},"3":{"name":"updateUserController","decl":{"start":{"line":65,"column":15},"end":{"line":65,"column":35}},"loc":{"start":{"line":65,"column":63},"end":{"line":86,"column":null}}},"4":{"name":"deleteUserController","decl":{"start":{"line":88,"column":15},"end":{"line":88,"column":35}},"loc":{"start":{"line":88,"column":63},"end":{"line":108,"column":null}}},"5":{"name":"undeleteUserController","decl":{"start":{"line":110,"column":15},"end":{"line":110,"column":37}},"loc":{"start":{"line":110,"column":65},"end":{"line":130,"column":null}}}},"branchMap":{"0":{"loc":{"start":{"line":11,"column":4},"end":{"line":21,"column":5}},"type":"if","locations":[{"start":{"line":11,"column":4},"end":{"line":21,"column":5}},{"start":{"line":16,"column":11},"end":{"line":21,"column":5}}]},"1":{"loc":{"start":{"line":48,"column":4},"end":{"line":57,"column":5}},"type":"if","locations":[{"start":{"line":48,"column":4},"end":{"line":57,"column":5}},{"start":{"line":53,"column":11},"end":{"line":57,"column":5}}]},"2":{"loc":{"start":{"line":72,"column":4},"end":{"line":80,"column":5}},"type":"if","locations":[{"start":{"line":72,"column":4},"end":{"line":80,"column":5}},{"start":{"line":76,"column":11},"end":{"line":80,"column":5}}]},"3":{"loc":{"start":{"line":94,"column":4},"end":{"line":102,"column":5}},"type":"if","locations":[{"start":{"line":94,"column":4},"end":{"line":102,"column":5}},{"start":{"line":98,"column":11},"end":{"line":102,"column":5}}]},"4":{"loc":{"start":{"line":116,"column":4},"end":{"line":124,"column":5}},"type":"if","locations":[{"start":{"line":116,"column":4},"end":{"line":124,"column":5}},{"start":{"line":120,"column":11},"end":{"line":124,"column":5}}]}},"s":{"0":6,"1":3,"2":3,"3":3,"4":2,"5":1,"6":1,"7":1,"8":6,"9":2,"10":2,"11":1,"12":1,"13":6,"14":3,"15":3,"16":3,"17":2,"18":2,"19":1,"20":1,"21":1,"22":6,"23":3,"24":3,"25":3,"26":3,"27":2,"28":1,"29":1,"30":1,"31":6,"32":3,"33":3,"34":3,"35":2,"36":1,"37":1,"38":1,"39":6,"40":3,"41":3,"42":3,"43":2,"44":1,"45":1,"46":1,"47":6},"f":{"0":3,"1":2,"2":3,"3":3,"4":3,"5":3},"b":{"0":[1,1],"1":[1,1],"2":[1,1],"3":[1,1],"4":[1,1]}}
,"B:\\Works\\Interview\\Shell Infotech\\backend\\src\\dataAccessObject\\userDao.ts": {"path":"B:\\Works\\Interview\\Shell Infotech\\backend\\src\\dataAccessObject\\userDao.ts","statementMap":{"0":{"start":{"line":2,"column":0},"end":{"line":2,"column":39}},"1":{"start":{"line":5,"column":24},"end":{"line":5,"column":34}},"2":{"start":{"line":6,"column":4},"end":{"line":19,"column":5}},"3":{"start":{"line":7,"column":21},"end":{"line":14,"column":10}},"4":{"start":{"line":16,"column":8},"end":{"line":16,"column":20}},"5":{"start":{"line":18,"column":8},"end":{"line":18,"column":73}},"6":{"start":{"line":137,"column":9},"end":{"line":137,"column":22}},"7":{"start":{"line":23,"column":4},"end":{"line":36,"column":5}},"8":{"start":{"line":24,"column":22},"end":{"line":31,"column":10}},"9":{"start":{"line":33,"column":8},"end":{"line":33,"column":21}},"10":{"start":{"line":35,"column":8},"end":{"line":35,"column":73}},"11":{"start":{"line":137,"column":24},"end":{"line":137,"column":37}},"12":{"start":{"line":40,"column":4},"end":{"line":51,"column":5}},"13":{"start":{"line":41,"column":21},"end":{"line":46,"column":10}},"14":{"start":{"line":48,"column":8},"end":{"line":48,"column":20}},"15":{"start":{"line":50,"column":8},"end":{"line":50,"column":73}},"16":{"start":{"line":137,"column":39},"end":{"line":137,"column":49}},"17":{"start":{"line":55,"column":24},"end":{"line":55,"column":34}},"18":{"start":{"line":56,"column":4},"end":{"line":81,"column":5}},"19":{"start":{"line":57,"column":23},"end":{"line":70,"column":null}},"20":{"start":{"line":73,"column":8},"end":{"line":78,"column":9}},"21":{"start":{"line":74,"column":25},"end":{"line":74,"column":37}},"22":{"start":{"line":75,"column":12},"end":{"line":75,"column":24}},"23":{"start":{"line":77,"column":12},"end":{"line":77,"column":47}},"24":{"start":{"line":80,"column":8},"end":{"line":80,"column":73}},"25":{"start":{"line":137,"column":51},"end":{"line":137,"column":64}},"26":{"start":{"line":86,"column":24},"end":{"line":86,"column":34}},"27":{"start":{"line":87,"column":4},"end":{"line":108,"column":5}},"28":{"start":{"line":88,"column":31},"end":{"line":98,"column":null}},"29":{"start":{"line":101,"column":8},"end":{"line":105,"column":9}},"30":{"start":{"line":102,"column":12},"end":{"line":102,"column":61}},"31":{"start":{"line":104,"column":12},"end":{"line":104,"column":47}},"32":{"start":{"line":107,"column":8},"end":{"line":107,"column":73}},"33":{"start":{"line":137,"column":66},"end":{"line":137,"column":79}},"34":{"start":{"line":112,"column":24},"end":{"line":112,"column":34}},"35":{"start":{"line":113,"column":4},"end":{"line":134,"column":5}},"36":{"start":{"line":114,"column":31},"end":{"line":124,"column":null}},"37":{"start":{"line":127,"column":8},"end":{"line":131,"column":9}},"38":{"start":{"line":128,"column":12},"end":{"line":128,"column":61}},"39":{"start":{"line":130,"column":12},"end":{"line":130,"column":49}},"40":{"start":{"line":133,"column":8},"end":{"line":133,"column":73}},"41":{"start":{"line":137,"column":81},"end":{"line":137,"column":96}}},"fnMap":{"0":{"name":"createUserDao","decl":{"start":{"line":4,"column":15},"end":{"line":4,"column":28}},"loc":{"start":{"line":4,"column":78},"end":{"line":20,"column":null}}},"1":{"name":"getAllUserDao","decl":{"start":{"line":22,"column":15},"end":{"line":22,"column":28}},"loc":{"start":{"line":22,"column":28},"end":{"line":37,"column":null}}},"2":{"name":"getUserDao","decl":{"start":{"line":39,"column":15},"end":{"line":39,"column":25}},"loc":{"start":{"line":39,"column":40},"end":{"line":52,"column":null}}},"3":{"name":"updateUserDao","decl":{"start":{"line":54,"column":15},"end":{"line":54,"column":28}},"loc":{"start":{"line":54,"column":106},"end":{"line":83,"column":null}}},"4":{"name":"deleteUserDao","decl":{"start":{"line":85,"column":15},"end":{"line":85,"column":28}},"loc":{"start":{"line":85,"column":43},"end":{"line":109,"column":null}}},"5":{"name":"undeleteUserDao","decl":{"start":{"line":111,"column":15},"end":{"line":111,"column":30}},"loc":{"start":{"line":111,"column":45},"end":{"line":135,"column":null}}}},"branchMap":{"0":{"loc":{"start":{"line":73,"column":8},"end":{"line":78,"column":9}},"type":"if","locations":[{"start":{"line":73,"column":8},"end":{"line":78,"column":9}},{"start":{"line":76,"column":15},"end":{"line":78,"column":9}}]},"1":{"loc":{"start":{"line":73,"column":12},"end":{"line":73,"column":88}},"type":"binary-expr","locations":[{"start":{"line":73,"column":12},"end":{"line":73,"column":18}},{"start":{"line":73,"column":22},"end":{"line":73,"column":43}},{"start":{"line":73,"column":47},"end":{"line":73,"column":64}},{"start":{"line":73,"column":68},"end":{"line":73,"column":88}}]},"2":{"loc":{"start":{"line":101,"column":8},"end":{"line":105,"column":9}},"type":"if","locations":[{"start":{"line":101,"column":8},"end":{"line":105,"column":9}},{"start":{"line":103,"column":15},"end":{"line":105,"column":9}}]},"3":{"loc":{"start":{"line":127,"column":8},"end":{"line":131,"column":9}},"type":"if","locations":[{"start":{"line":127,"column":8},"end":{"line":131,"column":9}},{"start":{"line":129,"column":15},"end":{"line":131,"column":9}}]}},"s":{"0":12,"1":2,"2":2,"3":2,"4":1,"5":1,"6":12,"7":2,"8":2,"9":1,"10":1,"11":12,"12":2,"13":2,"14":1,"15":1,"16":12,"17":3,"18":3,"19":3,"20":2,"21":1,"22":1,"23":1,"24":2,"25":12,"26":3,"27":3,"28":3,"29":2,"30":1,"31":1,"32":2,"33":12,"34":3,"35":3,"36":3,"37":2,"38":1,"39":1,"40":2,"41":12},"f":{"0":2,"1":2,"2":2,"3":3,"4":3,"5":3},"b":{"0":[1,1],"1":[2,2,2,2],"2":[1,1],"3":[1,1]}}
,"B:\\Works\\Interview\\Shell Infotech\\backend\\src\\middlewares\\database.ts": {"path":"B:\\Works\\Interview\\Shell Infotech\\backend\\src\\middlewares\\database.ts","statementMap":{"0":{"start":{"line":1,"column":0},"end":{"line":1,"column":38}},"1":{"start":{"line":3,"column":0},"end":{"line":3,"column":51}},"2":{"start":{"line":10,"column":14},"end":{"line":10,"column":87}},"3":{"start":{"line":13,"column":18},"end":{"line":16,"column":2}},"4":{"start":{"line":24,"column":19},"end":{"line":24,"column":28}},"5":{"start":{"line":19,"column":17},"end":{"line":22,"column":1}},"6":{"start":{"line":20,"column":2},"end":{"line":20,"column":28}},"7":{"start":{"line":21,"column":2},"end":{"line":21,"column":9}},"8":{"start":{"line":24,"column":9},"end":{"line":24,"column":17}}},"fnMap":{"0":{"name":"(anonymous_0)","decl":{"start":{"line":19,"column":17},"end":{"line":19,"column":18}},"loc":{"start":{"line":19,"column":81},"end":{"line":22,"column":1}}}},"branchMap":{"0":{"loc":{"start":{"line":10,"column":14},"end":{"line":10,"column":87}},"type":"binary-expr","locations":[{"start":{"line":10,"column":14},"end":{"line":10,"column":26}},{"start":{"line":10,"column":30},"end":{"line":10,"column":87}}]}},"s":{"0":12,"1":12,"2":12,"3":12,"4":12,"5":12,"6":0,"7":0,"8":12},"f":{"0":0},"b":{"0":[12,0]}}
,"B:\\Works\\Interview\\Shell Infotech\\backend\\src\\models\\userModel.ts": {"path":"B:\\Works\\Interview\\Shell Infotech\\backend\\src\\models\\userModel.ts","statementMap":{"0":{"start":{"line":1,"column":0},"end":{"line":1,"column":55}},"1":{"start":{"line":2,"column":0},"end":{"line":2,"column":52}},"2":{"start":{"line":27,"column":25},"end":{"line":27,"column":79}},"3":{"start":{"line":28,"column":4},"end":{"line":30,"column":5}},"4":{"start":{"line":29,"column":6},"end":{"line":29,"column":46}},"5":{"start":{"line":34,"column":0},"end":{"line":81,"column":2}},"6":{"start":{"line":51,"column":34},"end":{"line":51,"column":71}},"7":{"start":{"line":52,"column":10},"end":{"line":54,"column":11}},"8":{"start":{"line":53,"column":12},"end":{"line":53,"column":45}},"9":{"start":{"line":83,"column":0},"end":{"line":83,"column":20}}},"fnMap":{"0":{"name":"(anonymous_7)","decl":{"start":{"line":26,"column":15},"end":{"line":26,"column":31}},"loc":{"start":{"line":26,"column":48},"end":{"line":31,"column":null}}},"1":{"name":"(anonymous_9)","decl":{"start":{"line":50,"column":18},"end":{"line":50,"column":46}},"loc":{"start":{"line":50,"column":62},"end":{"line":55,"column":null}}}},"branchMap":{"0":{"loc":{"start":{"line":28,"column":4},"end":{"line":30,"column":5}},"type":"if","locations":[{"start":{"line":28,"column":4},"end":{"line":30,"column":5}}]},"1":{"loc":{"start":{"line":52,"column":10},"end":{"line":54,"column":11}},"type":"if","locations":[{"start":{"line":52,"column":10},"end":{"line":54,"column":11}}]}},"s":{"0":12,"1":12,"2":0,"3":0,"4":0,"5":12,"6":0,"7":0,"8":0,"9":12},"f":{"0":0,"1":0},"b":{"0":[0],"1":[0]}}
,"B:\\Works\\Interview\\Shell Infotech\\backend\\src\\services\\userService.ts": {"path":"B:\\Works\\Interview\\Shell Infotech\\backend\\src\\services\\userService.ts","statementMap":{"0":{"start":{"line":1,"column":0},"end":{"line":1,"column":28}},"1":{"start":{"line":3,"column":0},"end":{"line":3,"column":134}},"2":{"start":{"line":6,"column":2},"end":{"line":13,"column":3}},"3":{"start":{"line":7,"column":27},"end":{"line":7,"column":58}},"4":{"start":{"line":9,"column":17},"end":{"line":9,"column":69}},"5":{"start":{"line":10,"column":4},"end":{"line":10,"column":16}},"6":{"start":{"line":12,"column":4},"end":{"line":12,"column":35}},"7":{"start":{"line":73,"column":9},"end":{"line":73,"column":26}},"8":{"start":{"line":17,"column":2},"end":{"line":23,"column":3}},"9":{"start":{"line":19,"column":18},"end":{"line":19,"column":39}},"10":{"start":{"line":20,"column":4},"end":{"line":20,"column":17}},"11":{"start":{"line":22,"column":4},"end":{"line":22,"column":35}},"12":{"start":{"line":73,"column":28},"end":{"line":73,"column":45}},"13":{"start":{"line":27,"column":2},"end":{"line":33,"column":3}},"14":{"start":{"line":29,"column":17},"end":{"line":29,"column":41}},"15":{"start":{"line":30,"column":4},"end":{"line":30,"column":16}},"16":{"start":{"line":32,"column":4},"end":{"line":32,"column":35}},"17":{"start":{"line":73,"column":47},"end":{"line":73,"column":61}},"18":{"start":{"line":37,"column":2},"end":{"line":49,"column":3}},"19":{"start":{"line":40,"column":4},"end":{"line":43,"column":5}},"20":{"start":{"line":42,"column":6},"end":{"line":42,"column":55}},"21":{"start":{"line":45,"column":17},"end":{"line":45,"column":77}},"22":{"start":{"line":46,"column":4},"end":{"line":46,"column":16}},"23":{"start":{"line":48,"column":4},"end":{"line":48,"column":35}},"24":{"start":{"line":73,"column":63},"end":{"line":73,"column":80}},"25":{"start":{"line":53,"column":2},"end":{"line":59,"column":3}},"26":{"start":{"line":55,"column":17},"end":{"line":55,"column":44}},"27":{"start":{"line":56,"column":4},"end":{"line":56,"column":16}},"28":{"start":{"line":58,"column":4},"end":{"line":58,"column":35}},"29":{"start":{"line":73,"column":82},"end":{"line":73,"column":99}},"30":{"start":{"line":63,"column":2},"end":{"line":69,"column":3}},"31":{"start":{"line":65,"column":17},"end":{"line":65,"column":46}},"32":{"start":{"line":66,"column":4},"end":{"line":66,"column":16}},"33":{"start":{"line":68,"column":4},"end":{"line":68,"column":35}},"34":{"start":{"line":73,"column":101},"end":{"line":73,"column":120}}},"fnMap":{"0":{"name":"createUserService","decl":{"start":{"line":5,"column":15},"end":{"line":5,"column":32}},"loc":{"start":{"line":5,"column":82},"end":{"line":14,"column":null}}},"1":{"name":"getAllUserService","decl":{"start":{"line":16,"column":15},"end":{"line":16,"column":32}},"loc":{"start":{"line":16,"column":32},"end":{"line":24,"column":null}}},"2":{"name":"getUserService","decl":{"start":{"line":26,"column":15},"end":{"line":26,"column":29}},"loc":{"start":{"line":26,"column":44},"end":{"line":34,"column":null}}},"3":{"name":"updateUserService","decl":{"start":{"line":36,"column":15},"end":{"line":36,"column":32}},"loc":{"start":{"line":36,"column":110},"end":{"line":50,"column":null}}},"4":{"name":"deleteUserService","decl":{"start":{"line":52,"column":15},"end":{"line":52,"column":32}},"loc":{"start":{"line":52,"column":47},"end":{"line":60,"column":null}}},"5":{"name":"undeleteUserService","decl":{"start":{"line":62,"column":15},"end":{"line":62,"column":34}},"loc":{"start":{"line":62,"column":49},"end":{"line":70,"column":null}}}},"branchMap":{"0":{"loc":{"start":{"line":40,"column":4},"end":{"line":43,"column":5}},"type":"if","locations":[{"start":{"line":40,"column":4},"end":{"line":43,"column":5}}]}},"s":{"0":6,"1":6,"2":0,"3":0,"4":0,"5":0,"6":0,"7":6,"8":0,"9":0,"10":0,"11":0,"12":6,"13":0,"14":0,"15":0,"16":0,"17":6,"18":0,"19":0,"20":0,"21":0,"22":0,"23":0,"24":6,"25":0,"26":0,"27":0,"28":0,"29":6,"30":0,"31":0,"32":0,"33":0,"34":6},"f":{"0":0,"1":0,"2":0,"3":0,"4":0,"5":0},"b":{"0":[0]}}
}
