TN:
SF:dist\config\constants.js
FN:2,(anonymous_0)
FNF:1
FNH:1
FNDA:6,(anonymous_0)
DA:2,6
DA:3,6
DA:5,6
DA:6,6
DA:7,6
DA:8,6
DA:9,6
DA:10,6
DA:11,6
LF:9
LH:9
BRDA:2,0,0,6
BRDA:2,0,1,6
BRDA:2,0,2,6
BRDA:3,1,0,0
BRDA:3,1,1,6
BRDA:3,2,0,6
BRDA:3,2,1,6
BRF:7
BRH:6
end_of_record
TN:
SF:dist\controllers\userController.js
FN:2,(anonymous_0)
FN:3,adopt
FN:3,(anonymous_2)
FN:4,(anonymous_3)
FN:5,fulfilled
FN:6,rejected
FN:7,step
FN:14,createUserController
FN:15,(anonymous_8)
FN:40,getAllUserController
FN:41,(anonymous_10)
FN:57,getUserByIdController
FN:58,(anonymous_12)
FN:84,updateUserController
FN:85,(anonymous_14)
FN:109,deleteUserController
FN:110,(anonymous_16)
FN:133,undeleteUserController
FN:134,(anonymous_18)
FNF:19
FNH:18
FNDA:17,(anonymous_0)
FNDA:17,adopt
FNDA:0,(anonymous_2)
FNDA:17,(anonymous_3)
FNDA:11,fulfilled
FNDA:6,rejected
FNDA:34,step
FNDA:3,createUserController
FNDA:3,(anonymous_8)
FNDA:2,getAllUserController
FNDA:2,(anonymous_10)
FNDA:3,getUserByIdController
FNDA:3,(anonymous_12)
FNDA:3,updateUserController
FNDA:3,(anonymous_14)
FNDA:3,deleteUserController
FNDA:3,(anonymous_16)
FNDA:3,undeleteUserController
FNDA:3,(anonymous_18)
DA:2,6
DA:3,17
DA:4,17
DA:5,11
DA:6,6
DA:7,34
DA:8,17
DA:11,6
DA:12,6
DA:13,6
DA:15,3
DA:16,3
DA:17,3
DA:18,3
DA:19,2
DA:20,1
DA:26,1
DA:33,1
DA:39,6
DA:41,2
DA:42,2
DA:43,2
DA:44,1
DA:50,1
DA:56,6
DA:58,3
DA:59,3
DA:60,3
DA:61,3
DA:62,2
DA:63,2
DA:64,1
DA:70,1
DA:77,1
DA:83,6
DA:85,3
DA:86,3
DA:87,3
DA:88,3
DA:89,3
DA:90,2
DA:91,1
DA:96,1
DA:102,1
DA:108,6
DA:110,3
DA:111,3
DA:112,3
DA:113,3
DA:114,2
DA:115,1
DA:120,1
DA:126,1
DA:132,6
DA:134,3
DA:135,3
DA:136,3
DA:137,3
DA:138,2
DA:139,1
DA:144,1
DA:150,1
DA:156,6
LF:63
LH:63
BRDA:2,0,0,6
BRDA:2,0,1,6
BRDA:2,0,2,6
BRDA:3,1,0,17
BRDA:3,1,1,0
BRDA:4,2,0,17
BRDA:4,2,1,17
BRDA:7,3,0,17
BRDA:7,3,1,17
BRDA:8,4,0,17
BRDA:8,4,1,17
BRDA:19,5,0,1
BRDA:19,5,1,1
BRDA:63,6,0,1
BRDA:63,6,1,1
BRDA:90,7,0,1
BRDA:90,7,1,1
BRDA:114,8,0,1
BRDA:114,8,1,1
BRDA:138,9,0,1
BRDA:138,9,1,1
BRF:21
BRH:20
end_of_record
TN:
SF:dist\dataAccessObject\userDao.js
FN:2,(anonymous_0)
FN:3,adopt
FN:3,(anonymous_2)
FN:4,(anonymous_3)
FN:5,fulfilled
FN:6,rejected
FN:7,step
FN:11,(anonymous_7)
FN:17,createUserDao
FN:18,(anonymous_9)
FN:37,getAllUserDao
FN:38,(anonymous_11)
FN:56,getUserDao
FN:57,(anonymous_13)
FN:73,updateUserDao
FN:74,(anonymous_15)
FN:97,deleteUserDao
FN:98,(anonymous_17)
FN:117,undeleteUserDao
FN:118,(anonymous_19)
FNF:20
FNH:1
FNDA:0,(anonymous_0)
FNDA:0,adopt
FNDA:0,(anonymous_2)
FNDA:0,(anonymous_3)
FNDA:0,fulfilled
FNDA:0,rejected
FNDA:0,step
FNDA:6,(anonymous_7)
FNDA:0,createUserDao
FNDA:0,(anonymous_9)
FNDA:0,getAllUserDao
FNDA:0,(anonymous_11)
FNDA:0,getUserDao
FNDA:0,(anonymous_13)
FNDA:0,updateUserDao
FNDA:0,(anonymous_15)
FNDA:0,deleteUserDao
FNDA:0,(anonymous_17)
FNDA:0,undeleteUserDao
FNDA:0,(anonymous_19)
DA:2,6
DA:3,0
DA:4,0
DA:5,0
DA:6,0
DA:7,0
DA:8,0
DA:11,6
DA:12,6
DA:14,6
DA:15,6
DA:16,6
DA:18,0
DA:19,0
DA:20,0
DA:21,0
DA:29,0
DA:32,0
DA:36,6
DA:38,0
DA:39,0
DA:40,0
DA:48,0
DA:51,0
DA:55,6
DA:57,0
DA:58,0
DA:59,0
DA:65,0
DA:68,0
DA:72,6
DA:74,0
DA:75,0
DA:76,0
DA:77,0
DA:89,0
DA:92,0
DA:96,6
DA:98,0
DA:99,0
DA:100,0
DA:101,0
DA:109,0
DA:112,0
DA:116,6
DA:118,0
DA:119,0
DA:120,0
DA:121,0
DA:129,0
DA:132,0
DA:136,6
LF:52
LH:12
BRDA:2,0,0,6
BRDA:2,0,1,6
BRDA:2,0,2,6
BRDA:3,1,0,0
BRDA:3,1,1,0
BRDA:4,2,0,0
BRDA:4,2,1,0
BRDA:7,3,0,0
BRDA:7,3,1,0
BRDA:8,4,0,0
BRDA:8,4,1,0
BRDA:11,5,0,6
BRDA:11,5,1,6
BRDA:11,5,2,6
BRDA:12,6,0,6
BRDA:12,6,1,0
BRDA:12,7,0,6
BRDA:12,7,1,6
BRF:18
BRH:9
end_of_record
TN:
SF:dist\middlewares\database.js
FN:15,(anonymous_0)
FNF:1
FNH:0
FNDA:0,(anonymous_0)
DA:2,6
DA:3,6
DA:4,6
DA:5,6
DA:7,6
DA:9,6
DA:13,6
DA:15,6
DA:16,0
DA:17,0
DA:19,6
LF:11
LH:9
BRDA:7,0,0,6
BRDA:7,0,1,0
BRF:2
BRH:1
end_of_record
TN:
SF:dist\models\userModel.js
FN:2,(anonymous_0)
FN:3,adopt
FN:3,(anonymous_2)
FN:4,(anonymous_3)
FN:5,fulfilled
FN:6,rejected
FN:7,step
FN:16,(anonymous_7)
FN:17,(anonymous_8)
FN:40,(anonymous_9)
FN:41,(anonymous_10)
FNF:11
FNH:0
FNDA:0,(anonymous_0)
FNDA:0,adopt
FNDA:0,(anonymous_2)
FNDA:0,(anonymous_3)
FNDA:0,fulfilled
FNDA:0,rejected
FNDA:0,step
FNDA:0,(anonymous_7)
FNDA:0,(anonymous_8)
FNDA:0,(anonymous_9)
FNDA:0,(anonymous_10)
DA:2,6
DA:3,0
DA:4,0
DA:5,0
DA:6,0
DA:7,0
DA:8,0
DA:11,6
DA:12,6
DA:13,6
DA:17,0
DA:18,0
DA:19,0
DA:20,0
DA:25,6
DA:41,0
DA:42,0
DA:43,0
DA:44,0
DA:72,6
LF:20
LH:6
BRDA:2,0,0,6
BRDA:2,0,1,6
BRDA:2,0,2,6
BRDA:3,1,0,0
BRDA:3,1,1,0
BRDA:4,2,0,0
BRDA:4,2,1,0
BRDA:7,3,0,0
BRDA:7,3,1,0
BRDA:8,4,0,0
BRDA:8,4,1,0
BRDA:19,5,0,0
BRDA:19,5,1,0
BRDA:43,6,0,0
BRDA:43,6,1,0
BRF:15
BRH:3
end_of_record
TN:
SF:dist\services\userService.js
FN:2,(anonymous_0)
FN:3,adopt
FN:3,(anonymous_2)
FN:4,(anonymous_3)
FN:5,fulfilled
FN:6,rejected
FN:7,step
FN:11,(anonymous_7)
FN:18,createUserService
FN:19,(anonymous_9)
FN:31,getAllUserService
FN:32,(anonymous_11)
FN:43,getUserService
FN:44,(anonymous_13)
FN:55,updateUserService
FN:56,(anonymous_15)
FN:72,deleteUserService
FN:73,(anonymous_17)
FN:84,undeleteUserService
FN:85,(anonymous_19)
FNF:20
FNH:1
FNDA:0,(anonymous_0)
FNDA:0,adopt
FNDA:0,(anonymous_2)
FNDA:0,(anonymous_3)
FNDA:0,fulfilled
FNDA:0,rejected
FNDA:0,step
FNDA:6,(anonymous_7)
FNDA:0,createUserService
FNDA:0,(anonymous_9)
FNDA:0,getAllUserService
FNDA:0,(anonymous_11)
FNDA:0,getUserService
FNDA:0,(anonymous_13)
FNDA:0,updateUserService
FNDA:0,(anonymous_15)
FNDA:0,deleteUserService
FNDA:0,(anonymous_17)
FNDA:0,undeleteUserService
FNDA:0,(anonymous_19)
DA:2,6
DA:3,0
DA:4,0
DA:5,0
DA:6,0
DA:7,0
DA:8,0
DA:11,6
DA:12,6
DA:14,6
DA:15,6
DA:16,6
DA:17,6
DA:19,0
DA:20,0
DA:21,0
DA:22,0
DA:23,0
DA:26,0
DA:30,6
DA:32,0
DA:33,0
DA:34,0
DA:35,0
DA:38,0
DA:42,6
DA:44,0
DA:45,0
DA:46,0
DA:47,0
DA:50,0
DA:54,6
DA:56,0
DA:57,0
DA:59,0
DA:61,0
DA:63,0
DA:64,0
DA:67,0
DA:71,6
DA:73,0
DA:74,0
DA:75,0
DA:76,0
DA:79,0
DA:83,6
DA:85,0
DA:86,0
DA:87,0
DA:88,0
DA:91,0
DA:95,6
LF:52
LH:13
BRDA:2,0,0,6
BRDA:2,0,1,6
BRDA:2,0,2,6
BRDA:3,1,0,0
BRDA:3,1,1,0
BRDA:4,2,0,0
BRDA:4,2,1,0
BRDA:7,3,0,0
BRDA:7,3,1,0
BRDA:8,4,0,0
BRDA:8,4,1,0
BRDA:11,5,0,6
BRDA:11,5,1,6
BRDA:11,5,2,6
BRDA:12,6,0,0
BRDA:12,6,1,6
BRDA:12,7,0,6
BRDA:12,7,1,6
BRDA:59,8,0,0
BRDA:59,8,1,0
BRF:20
BRH:9
end_of_record
TN:
SF:src\config\constants.ts
FNF:0
FNH:0
DA:1,6
DA:2,6
DA:4,6
DA:5,6
DA:6,6
LF:5
LH:5
BRF:0
BRH:0
end_of_record
TN:
SF:src\controllers\userController.ts
FN:5,createUserController
FN:29,getAllUserController
FN:43,getUserByIdController
FN:65,updateUserController
FN:88,deleteUserController
FN:110,undeleteUserController
FNF:6
FNH:6
FNDA:3,createUserController
FNDA:2,getAllUserController
FNDA:3,getUserByIdController
FNDA:3,updateUserController
FNDA:3,deleteUserController
FNDA:3,undeleteUserController
DA:3,6
DA:6,3
DA:8,3
DA:9,3
DA:11,2
DA:12,1
DA:17,1
DA:23,1
DA:30,2
DA:31,2
DA:32,1
DA:37,1
DA:44,3
DA:45,3
DA:46,3
DA:47,2
DA:48,2
DA:49,1
DA:54,1
DA:59,1
DA:66,3
DA:67,3
DA:69,3
DA:70,3
DA:72,2
DA:73,1
DA:77,1
DA:82,1
DA:89,3
DA:91,3
DA:92,3
DA:94,2
DA:95,1
DA:99,1
DA:104,1
DA:111,3
DA:113,3
DA:114,3
DA:116,2
DA:117,1
DA:121,1
DA:126,1
DA:132,6
LF:43
LH:43
BRDA:11,0,0,1
BRDA:11,0,1,1
BRDA:48,1,0,1
BRDA:48,1,1,1
BRDA:72,2,0,1
BRDA:72,2,1,1
BRDA:94,3,0,1
BRDA:94,3,1,1
BRDA:116,4,0,1
BRDA:116,4,1,1
BRF:10
BRH:10
end_of_record
TN:
SF:src\dataAccessObject\userDao.ts
FN:4,createUserDao
FN:22,getAllUserDao
FN:39,getUserDao
FN:54,updateUserDao
FN:79,deleteUserDao
FN:98,undeleteUserDao
FNF:6
FNH:0
FNDA:0,createUserDao
FNDA:0,getAllUserDao
FNDA:0,getUserDao
FNDA:0,updateUserDao
FNDA:0,deleteUserDao
FNDA:0,undeleteUserDao
DA:2,6
DA:5,0
DA:6,0
DA:7,0
DA:16,0
DA:18,0
DA:23,0
DA:24,0
DA:33,0
DA:35,0
DA:40,0
DA:41,0
DA:48,0
DA:50,0
DA:55,0
DA:56,0
DA:57,0
DA:73,0
DA:75,0
DA:80,0
DA:81,0
DA:82,0
DA:92,0
DA:94,0
DA:99,0
DA:100,0
DA:101,0
DA:111,0
DA:113,0
DA:118,6
LF:30
LH:2
BRF:0
BRH:0
end_of_record
TN:
SF:src\middlewares\database.ts
FN:19,(anonymous_0)
FNF:1
FNH:0
FNDA:0,(anonymous_0)
DA:1,6
DA:3,6
DA:10,6
DA:13,6
DA:19,6
DA:20,0
DA:21,0
DA:24,6
LF:8
LH:6
BRDA:10,0,0,6
BRDA:10,0,1,0
BRF:2
BRH:1
end_of_record
TN:
SF:src\models\userModel.ts
FN:26,(anonymous_7)
FN:50,(anonymous_9)
FNF:2
FNH:0
FNDA:0,(anonymous_7)
FNDA:0,(anonymous_9)
DA:1,6
DA:2,6
DA:27,0
DA:28,0
DA:29,0
DA:34,6
DA:51,0
DA:52,0
DA:53,0
DA:83,6
LF:10
LH:4
BRDA:28,0,0,0
BRDA:52,1,0,0
BRF:2
BRH:0
end_of_record
TN:
SF:src\services\userService.ts
FN:5,createUserService
FN:16,getAllUserService
FN:26,getUserService
FN:36,updateUserService
FN:52,deleteUserService
FN:62,undeleteUserService
FNF:6
FNH:0
FNDA:0,createUserService
FNDA:0,getAllUserService
FNDA:0,getUserService
FNDA:0,updateUserService
FNDA:0,deleteUserService
FNDA:0,undeleteUserService
DA:1,6
DA:3,6
DA:6,0
DA:7,0
DA:9,0
DA:10,0
DA:12,0
DA:17,0
DA:19,0
DA:20,0
DA:22,0
DA:27,0
DA:29,0
DA:30,0
DA:32,0
DA:37,0
DA:40,0
DA:42,0
DA:45,0
DA:46,0
DA:48,0
DA:53,0
DA:55,0
DA:56,0
DA:58,0
DA:63,0
DA:65,0
DA:66,0
DA:68,0
DA:73,6
LF:30
LH:3
BRDA:40,0,0,0
BRF:1
BRH:0
end_of_record
