TN:
SF:dist\config\constants.js
FN:2,(anonymous_0)
FNF:1
FNH:1
FNDA:20,(anonymous_0)
DA:2,20
DA:3,20
DA:5,20
DA:6,20
DA:7,20
DA:8,20
DA:9,20
DA:10,20
DA:11,20
LF:9
LH:9
BRDA:2,0,0,20
BRDA:2,0,1,0
BRDA:2,0,2,20
BRDA:3,1,0,0
BRDA:3,1,1,20
BRDA:3,2,0,20
BRDA:3,2,1,20
BRF:7
BRH:5
end_of_record
TN:
SF:dist\controllers\userController.js
FN:2,(anonymous_0)
FN:3,adopt
FN:3,(anonymous_2)
FN:4,(anonymous_3)
FN:5,fulfilled
FN:6,rejected
FN:7,step
FN:14,createUserController
FN:15,(anonymous_8)
FN:40,getAllUserController
FN:41,(anonymous_10)
FN:57,getUserByIdController
FN:58,(anonymous_12)
FN:84,updateUserController
FN:85,(anonymous_14)
FN:109,deleteUserController
FN:110,(anonymous_16)
FN:133,undeleteUserController
FN:134,(anonymous_18)
FNF:19
FNH:18
FNDA:17,(anonymous_0)
FNDA:17,adopt
FNDA:0,(anonymous_2)
FNDA:17,(anonymous_3)
FNDA:11,fulfilled
FNDA:6,rejected
FNDA:34,step
FNDA:3,createUserController
FNDA:3,(anonymous_8)
FNDA:2,getAllUserController
FNDA:2,(anonymous_10)
FNDA:3,getUserByIdController
FNDA:3,(anonymous_12)
FNDA:3,updateUserController
FNDA:3,(anonymous_14)
FNDA:3,deleteUserController
FNDA:3,(anonymous_16)
FNDA:3,undeleteUserController
FNDA:3,(anonymous_18)
DA:2,6
DA:3,17
DA:4,17
DA:5,11
DA:6,6
DA:7,34
DA:8,17
DA:11,6
DA:12,6
DA:13,6
DA:15,3
DA:16,3
DA:17,3
DA:18,3
DA:19,2
DA:20,1
DA:26,1
DA:33,1
DA:39,6
DA:41,2
DA:42,2
DA:43,2
DA:44,1
DA:50,1
DA:56,6
DA:58,3
DA:59,3
DA:60,3
DA:61,3
DA:62,2
DA:63,2
DA:64,1
DA:70,1
DA:77,1
DA:83,6
DA:85,3
DA:86,3
DA:87,3
DA:88,3
DA:89,3
DA:90,2
DA:91,1
DA:96,1
DA:102,1
DA:108,6
DA:110,3
DA:111,3
DA:112,3
DA:113,3
DA:114,2
DA:115,1
DA:120,1
DA:126,1
DA:132,6
DA:134,3
DA:135,3
DA:136,3
DA:137,3
DA:138,2
DA:139,1
DA:144,1
DA:150,1
DA:156,6
LF:63
LH:63
BRDA:2,0,0,6
BRDA:2,0,1,0
BRDA:2,0,2,6
BRDA:3,1,0,17
BRDA:3,1,1,0
BRDA:4,2,0,17
BRDA:4,2,1,17
BRDA:7,3,0,17
BRDA:7,3,1,17
BRDA:8,4,0,17
BRDA:8,4,1,17
BRDA:19,5,0,1
BRDA:19,5,1,1
BRDA:63,6,0,1
BRDA:63,6,1,1
BRDA:90,7,0,1
BRDA:90,7,1,1
BRDA:114,8,0,1
BRDA:114,8,1,1
BRDA:138,9,0,1
BRDA:138,9,1,1
BRF:21
BRH:19
end_of_record
TN:
SF:dist\dataAccessObject\userDao.js
FN:2,(anonymous_0)
FN:3,adopt
FN:3,(anonymous_2)
FN:4,(anonymous_3)
FN:5,fulfilled
FN:6,rejected
FN:7,step
FN:11,(anonymous_7)
FN:17,createUserDao
FN:18,(anonymous_9)
FN:37,getAllUserDao
FN:38,(anonymous_11)
FN:53,getUserDao
FN:54,(anonymous_13)
FN:70,updateUserDao
FN:71,(anonymous_15)
FN:100,deleteUserDao
FN:101,(anonymous_17)
FN:126,undeleteUserDao
FN:127,(anonymous_19)
FNF:20
FNH:19
FNDA:15,(anonymous_0)
FNDA:15,adopt
FNDA:0,(anonymous_2)
FNDA:15,(anonymous_3)
FNDA:9,fulfilled
FNDA:6,rejected
FNDA:21,step
FNDA:18,(anonymous_7)
FNDA:2,createUserDao
FNDA:2,(anonymous_9)
FNDA:2,getAllUserDao
FNDA:2,(anonymous_11)
FNDA:2,getUserDao
FNDA:2,(anonymous_13)
FNDA:3,updateUserDao
FNDA:3,(anonymous_15)
FNDA:3,deleteUserDao
FNDA:3,(anonymous_17)
FNDA:3,undeleteUserDao
FNDA:3,(anonymous_19)
DA:2,18
DA:3,15
DA:4,15
DA:5,9
DA:6,6
DA:7,21
DA:8,15
DA:11,18
DA:12,18
DA:14,18
DA:15,18
DA:16,18
DA:18,2
DA:19,2
DA:20,2
DA:21,2
DA:29,1
DA:32,1
DA:36,18
DA:38,2
DA:39,2
DA:40,2
DA:45,1
DA:48,1
DA:52,18
DA:54,2
DA:55,2
DA:56,2
DA:62,1
DA:65,1
DA:69,18
DA:71,3
DA:72,3
DA:73,3
DA:74,3
DA:86,2
DA:87,1
DA:88,1
DA:91,1
DA:95,2
DA:99,18
DA:101,3
DA:102,3
DA:103,3
DA:104,3
DA:113,2
DA:114,1
DA:117,1
DA:121,2
DA:125,18
DA:127,3
DA:128,3
DA:129,3
DA:130,3
DA:139,2
DA:140,1
DA:143,1
DA:147,2
DA:151,18
LF:59
LH:59
BRDA:2,0,0,18
BRDA:2,0,1,0
BRDA:2,0,2,18
BRDA:3,1,0,15
BRDA:3,1,1,0
BRDA:4,2,0,15
BRDA:4,2,1,15
BRDA:7,3,0,6
BRDA:7,3,1,15
BRDA:8,4,0,15
BRDA:8,4,1,15
BRDA:11,5,0,18
BRDA:11,5,1,0
BRDA:11,5,2,18
BRDA:12,6,0,18
BRDA:12,6,1,0
BRDA:12,7,0,18
BRDA:12,7,1,18
BRDA:86,8,0,1
BRDA:86,8,1,1
BRDA:86,9,0,2
BRDA:86,9,1,2
BRDA:86,9,2,2
BRDA:86,9,3,2
BRDA:113,10,0,1
BRDA:113,10,1,1
BRDA:139,11,0,1
BRDA:139,11,1,1
BRF:28
BRH:24
end_of_record
TN:
SF:dist\middlewares\database.js
FN:15,(anonymous_0)
FNF:1
FNH:1
FNDA:1,(anonymous_0)
DA:2,20
DA:3,20
DA:4,20
DA:5,20
DA:7,20
DA:9,20
DA:13,20
DA:15,20
DA:16,1
DA:17,1
DA:19,20
LF:11
LH:11
BRDA:7,0,0,20
BRDA:7,0,1,0
BRF:2
BRH:1
end_of_record
TN:
SF:dist\models\userModel.js
FN:2,(anonymous_0)
FN:3,adopt
FN:3,(anonymous_2)
FN:4,(anonymous_3)
FN:5,fulfilled
FN:6,rejected
FN:7,step
FN:16,(anonymous_7)
FN:17,(anonymous_8)
FN:40,(anonymous_9)
FN:41,(anonymous_10)
FNF:11
FNH:9
FNDA:2,(anonymous_0)
FNDA:2,adopt
FNDA:0,(anonymous_2)
FNDA:2,(anonymous_3)
FNDA:2,fulfilled
FNDA:0,rejected
FNDA:4,step
FNDA:1,(anonymous_7)
FNDA:1,(anonymous_8)
FNDA:1,(anonymous_9)
FNDA:1,(anonymous_10)
DA:2,19
DA:3,2
DA:4,2
DA:5,2
DA:6,0
DA:7,4
DA:8,2
DA:11,19
DA:12,19
DA:13,19
DA:17,1
DA:18,1
DA:19,1
DA:20,0
DA:25,19
DA:41,1
DA:42,1
DA:43,1
DA:44,0
DA:72,19
LF:20
LH:17
BRDA:2,0,0,19
BRDA:2,0,1,0
BRDA:2,0,2,19
BRDA:3,1,0,2
BRDA:3,1,1,0
BRDA:4,2,0,2
BRDA:4,2,1,2
BRDA:7,3,0,2
BRDA:7,3,1,2
BRDA:8,4,0,2
BRDA:8,4,1,2
BRDA:19,5,0,0
BRDA:19,5,1,1
BRDA:43,6,0,0
BRDA:43,6,1,1
BRF:15
BRH:11
end_of_record
TN:
SF:dist\services\userService.js
FN:2,(anonymous_0)
FN:6,(anonymous_1)
FN:9,(anonymous_2)
FN:13,(anonymous_3)
FN:15,(anonymous_4)
FN:18,(anonymous_5)
FN:25,(anonymous_6)
FN:26,adopt
FN:26,(anonymous_8)
FN:27,(anonymous_9)
FN:28,fulfilled
FN:29,rejected
FN:30,step
FN:34,(anonymous_13)
FN:42,createUserService
FN:43,(anonymous_15)
FN:55,getAllUserService
FN:56,(anonymous_17)
FN:77,getUserService
FN:78,(anonymous_19)
FN:89,updateUserService
FN:90,(anonymous_21)
FN:106,deleteUserService
FN:107,(anonymous_23)
FN:118,undeleteUserService
FN:119,(anonymous_25)
FNF:26
FNH:24
FNDA:84,(anonymous_0)
FNDA:4,(anonymous_1)
FNDA:0,(anonymous_2)
FNDA:12,(anonymous_3)
FNDA:0,(anonymous_4)
FNDA:12,(anonymous_5)
FNDA:17,(anonymous_6)
FNDA:20,adopt
FNDA:1,(anonymous_8)
FNDA:17,(anonymous_9)
FNDA:13,fulfilled
FNDA:7,rejected
FNDA:30,step
FNDA:12,(anonymous_13)
FNDA:2,createUserService
FNDA:2,(anonymous_15)
FNDA:6,getAllUserService
FNDA:6,(anonymous_17)
FNDA:2,getUserService
FNDA:2,(anonymous_19)
FNDA:3,updateUserService
FNDA:3,(anonymous_21)
FNDA:2,deleteUserService
FNDA:2,(anonymous_23)
FNDA:2,undeleteUserService
FNDA:2,(anonymous_25)
DA:2,12
DA:3,84
DA:4,84
DA:5,84
DA:6,84
DA:8,84
DA:10,0
DA:11,0
DA:13,12
DA:14,12
DA:16,0
DA:18,12
DA:19,12
DA:20,12
DA:21,84
DA:22,12
DA:23,12
DA:25,12
DA:26,20
DA:27,17
DA:28,13
DA:29,7
DA:30,30
DA:31,17
DA:34,12
DA:35,12
DA:37,12
DA:38,12
DA:39,12
DA:40,12
DA:41,12
DA:43,2
DA:44,2
DA:45,2
DA:46,2
DA:47,1
DA:50,1
DA:54,12
DA:56,6
DA:57,6
DA:58,6
DA:59,6
DA:60,5
DA:61,5
DA:62,1
DA:63,1
DA:66,5
DA:68,4
DA:69,4
DA:72,1
DA:76,12
DA:78,2
DA:79,2
DA:80,2
DA:81,1
DA:84,1
DA:88,12
DA:90,3
DA:91,3
DA:93,3
DA:95,2
DA:97,3
DA:98,1
DA:101,2
DA:105,12
DA:107,2
DA:108,2
DA:109,2
DA:110,1
DA:113,1
DA:117,12
DA:119,2
DA:120,2
DA:121,2
DA:122,1
DA:125,1
DA:129,12
LF:77
LH:74
BRDA:2,0,0,12
BRDA:2,0,1,0
BRDA:2,0,2,12
BRDA:2,1,0,12
BRDA:2,1,1,0
BRDA:3,2,0,84
BRDA:3,2,1,0
BRDA:5,3,0,84
BRDA:5,3,1,0
BRDA:5,4,0,84
BRDA:5,4,1,84
BRDA:5,5,0,0
BRDA:5,5,1,84
BRDA:5,6,0,84
BRDA:5,6,1,0
BRDA:10,7,0,0
BRDA:10,7,1,0
BRDA:13,8,0,12
BRDA:13,8,1,0
BRDA:13,8,2,12
BRDA:13,9,0,12
BRDA:13,9,1,0
BRDA:18,10,0,12
BRDA:18,10,1,0
BRDA:18,10,2,12
BRDA:19,11,0,0
BRDA:19,11,1,12
BRDA:19,12,0,12
BRDA:19,12,1,12
BRDA:21,13,0,12
BRDA:21,13,1,0
BRDA:21,14,0,84
BRDA:21,14,1,0
BRDA:21,15,0,84
BRDA:21,15,1,84
BRDA:25,16,0,12
BRDA:25,16,1,0
BRDA:25,16,2,12
BRDA:26,17,0,19
BRDA:26,17,1,1
BRDA:27,18,0,17
BRDA:27,18,1,17
BRDA:30,19,0,10
BRDA:30,19,1,20
BRDA:31,20,0,17
BRDA:31,20,1,17
BRDA:34,21,0,12
BRDA:34,21,1,0
BRDA:34,21,2,12
BRDA:35,22,0,0
BRDA:35,22,1,12
BRDA:35,23,0,12
BRDA:35,23,1,12
BRDA:55,24,0,5
BRDA:59,25,0,5
BRDA:59,25,1,1
BRDA:61,26,0,1
BRDA:61,26,1,4
BRDA:93,27,0,2
BRDA:93,27,1,1
BRF:60
BRH:43
end_of_record
TN:
SF:src\config\constants.ts
FNF:0
FNH:0
DA:2,20
DA:4,20
DA:5,20
DA:6,20
LF:4
LH:4
BRF:0
BRH:0
end_of_record
TN:
SF:src\controllers\userController.ts
FN:5,createUserController
FN:29,getAllUserController
FN:43,getUserByIdController
FN:65,updateUserController
FN:88,deleteUserController
FN:110,undeleteUserController
FNF:6
FNH:6
FNDA:3,createUserController
FNDA:2,getAllUserController
FNDA:3,getUserByIdController
FNDA:3,updateUserController
FNDA:3,deleteUserController
FNDA:3,undeleteUserController
DA:6,3
DA:8,3
DA:9,3
DA:11,2
DA:12,1
DA:17,1
DA:23,1
DA:30,2
DA:31,2
DA:32,1
DA:37,1
DA:44,3
DA:45,3
DA:46,3
DA:47,2
DA:48,2
DA:49,1
DA:54,1
DA:59,1
DA:66,3
DA:67,3
DA:69,3
DA:70,3
DA:72,2
DA:73,1
DA:77,1
DA:82,1
DA:89,3
DA:91,3
DA:92,3
DA:94,2
DA:95,1
DA:99,1
DA:104,1
DA:111,3
DA:113,3
DA:114,3
DA:116,2
DA:117,1
DA:121,1
DA:126,1
LF:41
LH:41
BRDA:11,0,0,1
BRDA:11,0,1,1
BRDA:48,1,0,1
BRDA:48,1,1,1
BRDA:72,2,0,1
BRDA:72,2,1,1
BRDA:94,3,0,1
BRDA:94,3,1,1
BRDA:116,4,0,1
BRDA:116,4,1,1
BRF:10
BRH:10
end_of_record
TN:
SF:src\dataAccessObject\userDao.ts
FN:4,createUserDao
FN:22,getAllUserDao
FN:36,getUserDao
FN:51,updateUserDao
FN:82,deleteUserDao
FN:108,undeleteUserDao
FNF:6
FNH:6
FNDA:2,createUserDao
FNDA:2,getAllUserDao
FNDA:2,getUserDao
FNDA:3,updateUserDao
FNDA:3,deleteUserDao
FNDA:3,undeleteUserDao
DA:5,2
DA:6,2
DA:7,2
DA:16,1
DA:18,1
DA:23,2
DA:24,2
DA:30,1
DA:32,1
DA:37,2
DA:38,2
DA:45,1
DA:47,1
DA:52,3
DA:53,3
DA:54,3
DA:70,2
DA:71,1
DA:72,1
DA:74,1
DA:77,2
DA:83,3
DA:84,3
DA:85,3
DA:98,2
DA:99,1
DA:101,1
DA:104,2
DA:109,3
DA:110,3
DA:111,3
DA:124,2
DA:125,1
DA:127,1
DA:130,2
LF:35
LH:35
BRDA:70,0,0,1
BRDA:70,0,1,1
BRDA:70,1,0,2
BRDA:70,1,1,2
BRDA:70,1,2,2
BRDA:70,1,3,2
BRDA:98,2,0,1
BRDA:98,2,1,1
BRDA:124,3,0,1
BRDA:124,3,1,1
BRF:10
BRH:10
end_of_record
TN:
SF:src\middlewares\database.ts
FN:19,(anonymous_0)
FNF:1
FNH:1
FNDA:1,(anonymous_0)
DA:10,20
DA:13,20
DA:19,20
DA:20,1
DA:21,1
LF:5
LH:5
BRDA:10,0,0,20
BRDA:10,0,1,0
BRF:2
BRH:1
end_of_record
TN:
SF:src\models\userModel.ts
FN:26,(anonymous_0)
FN:50,(anonymous_1)
FNF:2
FNH:2
FNDA:1,(anonymous_0)
FNDA:1,(anonymous_1)
DA:27,1
DA:28,1
DA:29,0
DA:34,19
DA:51,1
DA:52,1
DA:53,0
LF:7
LH:5
BRDA:28,0,0,0
BRDA:28,0,1,1
BRDA:52,1,0,0
BRDA:52,1,1,1
BRF:4
BRH:2
end_of_record
TN:
SF:src\services\userService.ts
FN:6,createUserService
FN:17,getAllUserService
FN:41,getUserService
FN:51,updateUserService
FN:67,deleteUserService
FN:77,undeleteUserService
FNF:6
FNH:6
FNDA:2,createUserService
FNDA:6,getAllUserService
FNDA:2,getUserService
FNDA:3,updateUserService
FNDA:2,deleteUserService
FNDA:2,undeleteUserService
DA:7,2
DA:8,2
DA:10,2
DA:11,1
DA:13,1
DA:18,6
DA:20,6
DA:21,6
DA:22,5
DA:23,5
DA:24,1
DA:25,1
DA:29,5
DA:32,4
DA:34,4
DA:36,1
DA:42,2
DA:44,2
DA:45,1
DA:47,1
DA:52,3
DA:55,3
DA:57,2
DA:60,3
DA:61,1
DA:63,2
DA:68,2
DA:70,2
DA:71,1
DA:73,1
DA:78,2
DA:80,2
DA:81,1
DA:83,1
LF:34
LH:34
BRDA:17,0,0,5
BRDA:21,1,0,5
BRDA:21,1,1,1
BRDA:23,2,0,1
BRDA:23,2,1,4
BRDA:55,3,0,2
BRDA:55,3,1,1
BRF:7
BRH:7
end_of_record
